<?xml version="1.0" encoding="utf-8"?><testsuites><testsuite name="pytest" errors="0" failures="82" skipped="2" tests="339" time="25.418" timestamp="2026-06-02T09:19:58.156745" hostname="zooAquas-iMac.local"><testcase classname="tests.unit.logic.backend.sys.test_runner" name="test_all_backend" time="8.358" /><testcase classname="tests.unit.logic.backend.sys.test_cases.test_api_apps.TestAppsAPI" name="test_list_apps_success" time="0.001"><failure message="pydantic_core._pydantic_core.ValidationError: 2 validation errors for User&#10;passwordHash&#10;  Field required [type=missing, input_value={'id': 'USR001', 'usernam... 6, 2, 9, 20, 8, 55756)}, input_type=dict]&#10;    For further information visit https://errors.pydantic.dev/2.5/v/missing&#10;displayName&#10;  Field required [type=missing, input_value={'id': 'USR001', 'usernam... 6, 2, 9, 20, 8, 55756)}, input_type=dict]&#10;    For further information visit https://errors.pydantic.dev/2.5/v/missing">E   pydantic_core._pydantic_core.ValidationError: 2 validation errors for User
    passwordHash
      Field required [type=missing, input_value={'id': 'USR001', 'usernam... 6, 2, 9, 20, 8, 55756)}, input_type=dict]
        For further information visit https://errors.pydantic.dev/2.5/v/missing
    displayName
      Field required [type=missing, input_value={'id': 'USR001', 'usernam... 6, 2, 9, 20, 8, 55756)}, input_type=dict]
        For further information visit https://errors.pydantic.dev/2.5/v/missing</failure></testcase><testcase classname="tests.unit.logic.backend.sys.test_cases.test_api_apps.TestAppsAPI" name="test_list_apps_enabled_only" time="0.003"><failure message="pydantic_core._pydantic_core.ValidationError: 4 validation errors for App&#10;entryPoint&#10;  Field required [type=missing, input_value={'id': 'APP001', 'name': ... 6, 2, 9, 20, 8, 61271)}, input_type=dict]&#10;    For further information visit https://errors.pydantic.dev/2.5/v/missing&#10;apiPrefix&#10;  Field required [type=missing, input_value={'id': 'APP001', 'name': ... 6, 2, 9, 20, 8, 61271)}, input_type=dict]&#10;    For further information visit https://errors.pydantic.dev/2.5/v/missing&#10;author&#10;  Field required [type=missing, input_value={'id': 'APP001', 'name': ... 6, 2, 9, 20, 8, 61271)}, input_type=dict]&#10;    For further information visit https://errors.pydantic.dev/2.5/v/missing&#10;lastUpdated&#10;  Field required [type=missing, input_value={'id': 'APP001', 'name': ... 6, 2, 9, 20, 8, 61271)}, input_type=dict]&#10;    For further information visit https://errors.pydantic.dev/2.5/v/missing">E   pydantic_core._pydantic_core.ValidationError: 4 validation errors for App
    entryPoint
      Field required [type=missing, input_value={'id': 'APP001', 'name': ... 6, 2, 9, 20, 8, 61271)}, input_type=dict]
        For further information visit https://errors.pydantic.dev/2.5/v/missing
    apiPrefix
      Field required [type=missing, input_value={'id': 'APP001', 'name': ... 6, 2, 9, 20, 8, 61271)}, input_type=dict]
        For further information visit https://errors.pydantic.dev/2.5/v/missing
    author
      Field required [type=missing, input_value={'id': 'APP001', 'name': ... 6, 2, 9, 20, 8, 61271)}, input_type=dict]
        For further information visit https://errors.pydantic.dev/2.5/v/missing
    lastUpdated
      Field required [type=missing, input_value={'id': 'APP001', 'name': ... 6, 2, 9, 20, 8, 61271)}, input_type=dict]
        For further information visit https://errors.pydantic.dev/2.5/v/missing</failure></testcase><testcase classname="tests.unit.logic.backend.sys.test_cases.test_api_apps.TestAppsAPI" name="test_get_app_success" time="0.002"><failure message="pydantic_core._pydantic_core.ValidationError: 4 validation errors for App&#10;entryPoint&#10;  Field required [type=missing, input_value={'id': 'APP001', 'name': ... 6, 2, 9, 20, 8, 65685)}, input_type=dict]&#10;    For further information visit https://errors.pydantic.dev/2.5/v/missing&#10;apiPrefix&#10;  Field required [type=missing, input_value={'id': 'APP001', 'name': ... 6, 2, 9, 20, 8, 65685)}, input_type=dict]&#10;    For further information visit https://errors.pydantic.dev/2.5/v/missing&#10;author&#10;  Field required [type=missing, input_value={'id': 'APP001', 'name': ... 6, 2, 9, 20, 8, 65685)}, input_type=dict]&#10;    For further information visit https://errors.pydantic.dev/2.5/v/missing&#10;lastUpdated&#10;  Field required [type=missing, input_value={'id': 'APP001', 'name': ... 6, 2, 9, 20, 8, 65685)}, input_type=dict]&#10;    For further information visit https://errors.pydantic.dev/2.5/v/missing">E   pydantic_core._pydantic_core.ValidationError: 4 validation errors for App
    entryPoint
      Field required [type=missing, input_value={'id': 'APP001', 'name': ... 6, 2, 9, 20, 8, 65685)}, input_type=dict]
        For further information visit https://errors.pydantic.dev/2.5/v/missing
    apiPrefix
      Field required [type=missing, input_value={'id': 'APP001', 'name': ... 6, 2, 9, 20, 8, 65685)}, input_type=dict]
        For further information visit https://errors.pydantic.dev/2.5/v/missing
    author
      Field required [type=missing, input_value={'id': 'APP001', 'name': ... 6, 2, 9, 20, 8, 65685)}, input_type=dict]
        For further information visit https://errors.pydantic.dev/2.5/v/missing
    lastUpdated
      Field required [type=missing, input_value={'id': 'APP001', 'name': ... 6, 2, 9, 20, 8, 65685)}, input_type=dict]
        For further information visit https://errors.pydantic.dev/2.5/v/missing</failure></testcase><testcase classname="tests.unit.logic.backend.sys.test_cases.test_api_apps.TestAppsAPI" name="test_get_app_not_found" time="0.005" /><testcase classname="tests.unit.logic.backend.sys.test_cases.test_api_apps.TestAppsAPI" name="test_scan_apps_success" time="0.002"><failure message="pydantic_core._pydantic_core.ValidationError: 4 validation errors for App&#10;entryPoint&#10;  Field required [type=missing, input_value={'id': 'APP001', 'name': ... 6, 2, 9, 20, 8, 75728)}, input_type=dict]&#10;    For further information visit https://errors.pydantic.dev/2.5/v/missing&#10;apiPrefix&#10;  Field required [type=missing, input_value={'id': 'APP001', 'name': ... 6, 2, 9, 20, 8, 75728)}, input_type=dict]&#10;    For further information visit https://errors.pydantic.dev/2.5/v/missing&#10;author&#10;  Field required [type=missing, input_value={'id': 'APP001', 'name': ... 6, 2, 9, 20, 8, 75728)}, input_type=dict]&#10;    For further information visit https://errors.pydantic.dev/2.5/v/missing&#10;lastUpdated&#10;  Field required [type=missing, input_value={'id': 'APP001', 'name': ... 6, 2, 9, 20, 8, 75728)}, input_type=dict]&#10;    For further information visit https://errors.pydantic.dev/2.5/v/missing">E   pydantic_core._pydantic_core.ValidationError: 4 validation errors for App
    entryPoint
      Field required [type=missing, input_value={'id': 'APP001', 'name': ... 6, 2, 9, 20, 8, 75728)}, input_type=dict]
        For further information visit https://errors.pydantic.dev/2.5/v/missing
    apiPrefix
      Field required [type=missing, input_value={'id': 'APP001', 'name': ... 6, 2, 9, 20, 8, 75728)}, input_type=dict]
        For further information visit https://errors.pydantic.dev/2.5/v/missing
    author
      Field required [type=missing, input_value={'id': 'APP001', 'name': ... 6, 2, 9, 20, 8, 75728)}, input_type=dict]
        For further information visit https://errors.pydantic.dev/2.5/v/missing
    lastUpdated
      Field required [type=missing, input_value={'id': 'APP001', 'name': ... 6, 2, 9, 20, 8, 75728)}, input_type=dict]
        For further information visit https://errors.pydantic.dev/2.5/v/missing</failure></testcase><testcase classname="tests.unit.logic.backend.sys.test_cases.test_api_apps.TestAppsAPI" name="test_scan_apps_unauthorized" time="0.005"><failure message="assert 404 in [401, 403]&#10; +  where 404 = &lt;Response [404 Not Found]&gt;.status_code">E   assert 404 in [401, 403]
     +  where 404 = &lt;Response [404 Not Found]&gt;.status_code</failure></testcase><testcase classname="tests.unit.logic.backend.sys.test_cases.test_api_apps.TestAppsAPI" name="test_enable_app_success" time="0.001"><failure message="pydantic_core._pydantic_core.ValidationError: 2 validation errors for User&#10;passwordHash&#10;  Field required [type=missing, input_value={'id': 'USR_ADMIN', 'user... 6, 2, 9, 20, 8, 86928)}, input_type=dict]&#10;    For further information visit https://errors.pydantic.dev/2.5/v/missing&#10;displayName&#10;  Field required [type=missing, input_value={'id': 'USR_ADMIN', 'user... 6, 2, 9, 20, 8, 86928)}, input_type=dict]&#10;    For further information visit https://errors.pydantic.dev/2.5/v/missing">E   pydantic_core._pydantic_core.ValidationError: 2 validation errors for User
    passwordHash
      Field required [type=missing, input_value={'id': 'USR_ADMIN', 'user... 6, 2, 9, 20, 8, 86928)}, input_type=dict]
        For further information visit https://errors.pydantic.dev/2.5/v/missing
    displayName
      Field required [type=missing, input_value={'id': 'USR_ADMIN', 'user... 6, 2, 9, 20, 8, 86928)}, input_type=dict]
        For further information visit https://errors.pydantic.dev/2.5/v/missing</failure></testcase><testcase classname="tests.unit.logic.backend.sys.test_cases.test_api_apps.TestAppsAPI" name="test_disable_app_success" time="0.001"><failure message="pydantic_core._pydantic_core.ValidationError: 2 validation errors for User&#10;passwordHash&#10;  Field required [type=missing, input_value={'id': 'USR_ADMIN', 'user... 6, 2, 9, 20, 8, 90294)}, input_type=dict]&#10;    For further information visit https://errors.pydantic.dev/2.5/v/missing&#10;displayName&#10;  Field required [type=missing, input_value={'id': 'USR_ADMIN', 'user... 6, 2, 9, 20, 8, 90294)}, input_type=dict]&#10;    For further information visit https://errors.pydantic.dev/2.5/v/missing">E   pydantic_core._pydantic_core.ValidationError: 2 validation errors for User
    passwordHash
      Field required [type=missing, input_value={'id': 'USR_ADMIN', 'user... 6, 2, 9, 20, 8, 90294)}, input_type=dict]
        For further information visit https://errors.pydantic.dev/2.5/v/missing
    displayName
      Field required [type=missing, input_value={'id': 'USR_ADMIN', 'user... 6, 2, 9, 20, 8, 90294)}, input_type=dict]
        For further information visit https://errors.pydantic.dev/2.5/v/missing</failure></testcase><testcase classname="tests.unit.logic.backend.sys.test_cases.test_api_apps.TestAppsAPI" name="test_reload_app_success" time="0.002"><failure message="pydantic_core._pydantic_core.ValidationError: 4 validation errors for App&#10;entryPoint&#10;  Field required [type=missing, input_value={'id': 'APP001', 'name': ... 6, 2, 9, 20, 8, 95794)}, input_type=dict]&#10;    For further information visit https://errors.pydantic.dev/2.5/v/missing&#10;apiPrefix&#10;  Field required [type=missing, input_value={'id': 'APP001', 'name': ... 6, 2, 9, 20, 8, 95794)}, input_type=dict]&#10;    For further information visit https://errors.pydantic.dev/2.5/v/missing&#10;author&#10;  Field required [type=missing, input_value={'id': 'APP001', 'name': ... 6, 2, 9, 20, 8, 95794)}, input_type=dict]&#10;    For further information visit https://errors.pydantic.dev/2.5/v/missing&#10;lastUpdated&#10;  Field required [type=missing, input_value={'id': 'APP001', 'name': ... 6, 2, 9, 20, 8, 95794)}, input_type=dict]&#10;    For further information visit https://errors.pydantic.dev/2.5/v/missing">E   pydantic_core._pydantic_core.ValidationError: 4 validation errors for App
    entryPoint
      Field required [type=missing, input_value={'id': 'APP001', 'name': ... 6, 2, 9, 20, 8, 95794)}, input_type=dict]
        For further information visit https://errors.pydantic.dev/2.5/v/missing
    apiPrefix
      Field required [type=missing, input_value={'id': 'APP001', 'name': ... 6, 2, 9, 20, 8, 95794)}, input_type=dict]
        For further information visit https://errors.pydantic.dev/2.5/v/missing
    author
      Field required [type=missing, input_value={'id': 'APP001', 'name': ... 6, 2, 9, 20, 8, 95794)}, input_type=dict]
        For further information visit https://errors.pydantic.dev/2.5/v/missing
    lastUpdated
      Field required [type=missing, input_value={'id': 'APP001', 'name': ... 6, 2, 9, 20, 8, 95794)}, input_type=dict]
        For further information visit https://errors.pydantic.dev/2.5/v/missing</failure></testcase><testcase classname="tests.unit.logic.backend.sys.test_cases.test_api_apps.TestAppsAPI" name="test_list_apps_disabled_only" time="0.002"><failure message="pydantic_core._pydantic_core.ValidationError: 4 validation errors for App&#10;entryPoint&#10;  Field required [type=missing, input_value={'id': 'APP002', 'name': ...6, 2, 9, 20, 8, 100266)}, input_type=dict]&#10;    For further information visit https://errors.pydantic.dev/2.5/v/missing&#10;apiPrefix&#10;  Field required [type=missing, input_value={'id': 'APP002', 'name': ...6, 2, 9, 20, 8, 100266)}, input_type=dict]&#10;    For further information visit https://errors.pydantic.dev/2.5/v/missing&#10;author&#10;  Field required [type=missing, input_value={'id': 'APP002', 'name': ...6, 2, 9, 20, 8, 100266)}, input_type=dict]&#10;    For further information visit https://errors.pydantic.dev/2.5/v/missing&#10;lastUpdated&#10;  Field required [type=missing, input_value={'id': 'APP002', 'name': ...6, 2, 9, 20, 8, 100266)}, input_type=dict]&#10;    For further information visit https://errors.pydantic.dev/2.5/v/missing">E   pydantic_core._pydantic_core.ValidationError: 4 validation errors for App
    entryPoint
      Field required [type=missing, input_value={'id': 'APP002', 'name': ...6, 2, 9, 20, 8, 100266)}, input_type=dict]
        For further information visit https://errors.pydantic.dev/2.5/v/missing
    apiPrefix
      Field required [type=missing, input_value={'id': 'APP002', 'name': ...6, 2, 9, 20, 8, 100266)}, input_type=dict]
        For further information visit https://errors.pydantic.dev/2.5/v/missing
    author
      Field required [type=missing, input_value={'id': 'APP002', 'name': ...6, 2, 9, 20, 8, 100266)}, input_type=dict]
        For further information visit https://errors.pydantic.dev/2.5/v/missing
    lastUpdated
      Field required [type=missing, input_value={'id': 'APP002', 'name': ...6, 2, 9, 20, 8, 100266)}, input_type=dict]
        For further information visit https://errors.pydantic.dev/2.5/v/missing</failure></testcase><testcase classname="tests.unit.logic.backend.sys.test_cases.test_api_auth.TestAuthAPI" name="test_login_success" time="0.001"><failure message="pydantic_core._pydantic_core.ValidationError: 2 validation errors for User&#10;passwordHash&#10;  Field required [type=missing, input_value={'id': 'USR001', 'usernam...6, 2, 9, 20, 8, 104324)}, input_type=dict]&#10;    For further information visit https://errors.pydantic.dev/2.5/v/missing&#10;displayName&#10;  Field required [type=missing, input_value={'id': 'USR001', 'usernam...6, 2, 9, 20, 8, 104324)}, input_type=dict]&#10;    For further information visit https://errors.pydantic.dev/2.5/v/missing">E   pydantic_core._pydantic_core.ValidationError: 2 validation errors for User
    passwordHash
      Field required [type=missing, input_value={'id': 'USR001', 'usernam...6, 2, 9, 20, 8, 104324)}, input_type=dict]
        For further information visit https://errors.pydantic.dev/2.5/v/missing
    displayName
      Field required [type=missing, input_value={'id': 'USR001', 'usernam...6, 2, 9, 20, 8, 104324)}, input_type=dict]
        For further information visit https://errors.pydantic.dev/2.5/v/missing</failure></testcase><testcase classname="tests.unit.logic.backend.sys.test_cases.test_api_auth.TestAuthAPI" name="test_login_invalid_credentials" time="0.006"><failure message="assert 404 in [401, 500]&#10; +  where 404 = &lt;Response [404 Not Found]&gt;.status_code">E   assert 404 in [401, 500]
     +  where 404 = &lt;Response [404 Not Found]&gt;.status_code</failure></testcase><testcase classname="tests.unit.logic.backend.sys.test_cases.test_api_auth.TestAuthAPI" name="test_login_missing_username" time="0.004"><failure message="assert 404 == 422&#10; +  where 404 = &lt;Response [404 Not Found]&gt;.status_code">E   assert 404 == 422
     +  where 404 = &lt;Response [404 Not Found]&gt;.status_code</failure></testcase><testcase classname="tests.unit.logic.backend.sys.test_cases.test_api_auth.TestAuthAPI" name="test_login_missing_password" time="0.006"><failure message="assert 404 == 422&#10; +  where 404 = &lt;Response [404 Not Found]&gt;.status_code">E   assert 404 == 422
     +  where 404 = &lt;Response [404 Not Found]&gt;.status_code</failure></testcase><testcase classname="tests.unit.logic.backend.sys.test_cases.test_api_auth.TestAuthAPI" name="test_logout_success" time="0.007"><failure message="assert 404 == 200&#10; +  where 404 = &lt;Response [404 Not Found]&gt;.status_code">E   assert 404 == 200
     +  where 404 = &lt;Response [404 Not Found]&gt;.status_code</failure></testcase><testcase classname="tests.unit.logic.backend.sys.test_cases.test_api_auth.TestAuthAPI" name="test_get_me_success" time="0.006"><failure message="assert 404 == 200&#10; +  where 404 = &lt;Response [404 Not Found]&gt;.status_code">E   assert 404 == 200
     +  where 404 = &lt;Response [404 Not Found]&gt;.status_code</failure></testcase><testcase classname="tests.unit.logic.backend.sys.test_cases.test_api_auth.TestAuthAPI" name="test_get_me_unauthorized" time="0.004"><failure message="assert 404 in [401, 403]&#10; +  where 404 = &lt;Response [404 Not Found]&gt;.status_code">E   assert 404 in [401, 403]
     +  where 404 = &lt;Response [404 Not Found]&gt;.status_code</failure></testcase><testcase classname="tests.unit.logic.backend.sys.test_cases.test_api_auth.TestAuthAPI" name="test_change_password_success" time="0.006"><failure message="assert 404 == 200&#10; +  where 404 = &lt;Response [404 Not Found]&gt;.status_code">E   assert 404 == 200
     +  where 404 = &lt;Response [404 Not Found]&gt;.status_code</failure></testcase><testcase classname="tests.unit.logic.backend.sys.test_cases.test_api_auth.TestAuthAPI" name="test_change_password_wrong_current_password" time="0.006"><failure message="assert 404 in [401, 500]&#10; +  where 404 = &lt;Response [404 Not Found]&gt;.status_code">E   assert 404 in [401, 500]
     +  where 404 = &lt;Response [404 Not Found]&gt;.status_code</failure></testcase><testcase classname="tests.unit.logic.backend.sys.test_cases.test_api_auth.TestAuthAPI" name="test_change_password_missing_fields" time="0.006"><failure message="assert 404 == 422&#10; +  where 404 = &lt;Response [404 Not Found]&gt;.status_code">E   assert 404 == 422
     +  where 404 = &lt;Response [404 Not Found]&gt;.status_code</failure></testcase><testcase classname="tests.unit.logic.backend.sys.test_cases.test_api_auth.TestAuthAPI" name="test_login_empty_username" time="0.005"><failure message="assert 404 in [422, 401, 500]&#10; +  where 404 = &lt;Response [404 Not Found]&gt;.status_code">E   assert 404 in [422, 401, 500]
     +  where 404 = &lt;Response [404 Not Found]&gt;.status_code</failure></testcase><testcase classname="tests.unit.logic.backend.sys.test_cases.test_api_auth.TestAuthAPI" name="test_login_empty_password" time="0.005"><failure message="assert 404 in [422, 401, 500]&#10; +  where 404 = &lt;Response [404 Not Found]&gt;.status_code">E   assert 404 in [422, 401, 500]
     +  where 404 = &lt;Response [404 Not Found]&gt;.status_code</failure></testcase><testcase classname="tests.unit.logic.backend.sys.test_cases.test_api_auth.TestAuthAPI" name="test_login_long_username" time="0.005"><failure message="assert 404 in [422, 401, 500]&#10; +  where 404 = &lt;Response [404 Not Found]&gt;.status_code">E   assert 404 in [422, 401, 500]
     +  where 404 = &lt;Response [404 Not Found]&gt;.status_code</failure></testcase><testcase classname="tests.unit.logic.backend.sys.test_cases.test_api_auth.TestAuthAPI" name="test_change_password_same_password" time="0.005"><failure message="assert 404 in [200, 400, 422]&#10; +  where 404 = &lt;Response [404 Not Found]&gt;.status_code">E   assert 404 in [200, 400, 422]
     +  where 404 = &lt;Response [404 Not Found]&gt;.status_code</failure></testcase><testcase classname="tests.unit.logic.backend.sys.test_cases.test_api_auth.TestAuthAPI" name="test_login_admin_user" time="0.006"><failure message="assert 404 == 200&#10; +  where 404 = &lt;Response [404 Not Found]&gt;.status_code">E   assert 404 == 200
     +  where 404 = &lt;Response [404 Not Found]&gt;.status_code</failure></testcase><testcase classname="tests.unit.logic.backend.sys.test_cases.test_api_config.TestConfigAPI" name="test_get_config_success" time="0.007"><failure message="assert 401 == 200&#10; +  where 401 = &lt;Response [401 Unauthorized]&gt;.status_code">E   assert 401 == 200
     +  where 401 = &lt;Response [401 Unauthorized]&gt;.status_code</failure></testcase><testcase classname="tests.unit.logic.backend.sys.test_cases.test_api_config.TestConfigAPI" name="test_get_config_unauthorized" time="0.006" /><testcase classname="tests.unit.logic.backend.sys.test_cases.test_api_config.TestConfigAPI" name="test_update_config_success" time="0.009"><failure message="assert 401 == 200&#10; +  where 401 = &lt;Response [401 Unauthorized]&gt;.status_code">E   assert 401 == 200
     +  where 401 = &lt;Response [401 Unauthorized]&gt;.status_code</failure></testcase><testcase classname="tests.unit.logic.backend.sys.test_cases.test_api_config.TestConfigAPI" name="test_update_config_missing_field" time="0.010"><failure message="assert 401 == 422&#10; +  where 401 = &lt;Response [401 Unauthorized]&gt;.status_code">E   assert 401 == 422
     +  where 401 = &lt;Response [401 Unauthorized]&gt;.status_code</failure></testcase><testcase classname="tests.unit.logic.backend.sys.test_cases.test_api_config.TestConfigAPI" name="test_update_config_empty" time="0.006"><failure message="assert 404 == 200&#10; +  where 404 = &lt;Response [404 Not Found]&gt;.status_code">E   assert 404 == 200
     +  where 404 = &lt;Response [404 Not Found]&gt;.status_code</failure></testcase><testcase classname="tests.unit.logic.backend.sys.test_cases.test_api_config.TestConfigHelpers" name="test_load_config_default" time="0.001" /><testcase classname="tests.unit.logic.backend.sys.test_cases.test_api_config.TestConfigHelpers" name="test_load_config_existing" time="0.004" /><testcase classname="tests.unit.logic.backend.sys.test_cases.test_api_config.TestConfigHelpers" name="test_save_config_success" time="0.005" /><testcase classname="tests.unit.logic.backend.sys.test_cases.test_api_health.TestHealthAPI" name="test_health_check_success" time="0.006"><failure message="assert 401 == 200&#10; +  where 401 = &lt;Response [401 Unauthorized]&gt;.status_code">E   assert 401 == 200
     +  where 401 = &lt;Response [401 Unauthorized]&gt;.status_code</failure></testcase><testcase classname="tests.unit.logic.backend.sys.test_cases.test_api_health.TestHealthAPI" name="test_health_check_data_dir_not_exists" time="0.007"><failure message="assert 401 == 200&#10; +  where 401 = &lt;Response [401 Unauthorized]&gt;.status_code">E   assert 401 == 200
     +  where 401 = &lt;Response [401 Unauthorized]&gt;.status_code</failure></testcase><testcase classname="tests.unit.logic.backend.sys.test_cases.test_api_health.TestHealthAPI" name="test_health_check_data_dir_not_directory" time="0.006"><failure message="assert 500 == 200&#10; +  where 500 = &lt;Response [500 Internal Server Error]&gt;.status_code">E   assert 500 == 200
     +  where 500 = &lt;Response [500 Internal Server Error]&gt;.status_code</failure></testcase><testcase classname="tests.unit.logic.backend.sys.test_cases.test_api_health.TestHealthAPI" name="test_ping_success" time="0.004"><failure message="assert 404 == 200&#10; +  where 404 = &lt;Response [404 Not Found]&gt;.status_code">E   assert 404 == 200
     +  where 404 = &lt;Response [404 Not Found]&gt;.status_code</failure></testcase><testcase classname="tests.unit.logic.backend.sys.test_cases.test_api_health.TestHealthAPI" name="test_health_check_version_format" time="0.006"><failure message="assert 401 == 200&#10; +  where 401 = &lt;Response [401 Unauthorized]&gt;.status_code">E   assert 401 == 200
     +  where 401 = &lt;Response [401 Unauthorized]&gt;.status_code</failure></testcase><testcase classname="tests.unit.logic.backend.sys.test_cases.test_api_health.TestHealthAPI" name="test_health_check_timestamp_format" time="0.009"><failure message="assert 401 == 200&#10; +  where 401 = &lt;Response [401 Unauthorized]&gt;.status_code">E   assert 401 == 200
     +  where 401 = &lt;Response [401 Unauthorized]&gt;.status_code</failure></testcase><testcase classname="tests.unit.logic.backend.sys.test_cases.test_api_notifications.TestNotificationsAPI" name="test_list_notifications_success" time="0.009"><failure message="assert 401 == 200&#10; +  where 401 = &lt;Response [401 Unauthorized]&gt;.status_code">E   assert 401 == 200
     +  where 401 = &lt;Response [401 Unauthorized]&gt;.status_code</failure></testcase><testcase classname="tests.unit.logic.backend.sys.test_cases.test_api_notifications.TestNotificationsAPI" name="test_list_notifications_unread_only" time="0.007"><failure message="assert 401 == 200&#10; +  where 401 = &lt;Response [401 Unauthorized]&gt;.status_code">E   assert 401 == 200
     +  where 401 = &lt;Response [401 Unauthorized]&gt;.status_code</failure></testcase><testcase classname="tests.unit.logic.backend.sys.test_cases.test_api_notifications.TestNotificationsAPI" name="test_create_notification_success" time="0.006"><failure message="assert 405 == 201&#10; +  where 405 = &lt;Response [405 Method Not Allowed]&gt;.status_code">E   assert 405 == 201
     +  where 405 = &lt;Response [405 Method Not Allowed]&gt;.status_code</failure></testcase><testcase classname="tests.unit.logic.backend.sys.test_cases.test_api_notifications.TestNotificationsAPI" name="test_create_notification_missing_fields" time="0.005"><failure message="assert 405 == 422&#10; +  where 405 = &lt;Response [405 Method Not Allowed]&gt;.status_code">E   assert 405 == 422
     +  where 405 = &lt;Response [405 Method Not Allowed]&gt;.status_code</failure></testcase><testcase classname="tests.unit.logic.backend.sys.test_cases.test_api_notifications.TestNotificationsAPI" name="test_mark_notification_as_read_success" time="0.006"><failure message="assert 404 == 200&#10; +  where 404 = &lt;Response [404 Not Found]&gt;.status_code">E   assert 404 == 200
     +  where 404 = &lt;Response [404 Not Found]&gt;.status_code</failure></testcase><testcase classname="tests.unit.logic.backend.sys.test_cases.test_api_notifications.TestNotificationsAPI" name="test_mark_notification_as_read_not_found" time="0.005" /><testcase classname="tests.unit.logic.backend.sys.test_cases.test_api_notifications.TestNotificationsAPI" name="test_delete_notification_success" time="0.007"><failure message="assert 404 == 200&#10; +  where 404 = &lt;Response [404 Not Found]&gt;.status_code">E   assert 404 == 200
     +  where 404 = &lt;Response [404 Not Found]&gt;.status_code</failure></testcase><testcase classname="tests.unit.logic.backend.sys.test_cases.test_api_notifications.TestNotificationsAPI" name="test_delete_notification_permission_denied" time="0.005"><failure message="assert 404 in [403, 500]&#10; +  where 404 = &lt;Response [404 Not Found]&gt;.status_code">E   assert 404 in [403, 500]
     +  where 404 = &lt;Response [404 Not Found]&gt;.status_code</failure></testcase><testcase classname="tests.unit.logic.backend.sys.test_cases.test_api_users.TestUsersAPI" name="test_list_users_success" time="0.009"><failure message="assert 401 == 200&#10; +  where 401 = &lt;Response [401 Unauthorized]&gt;.status_code">E   assert 401 == 200
     +  where 401 = &lt;Response [401 Unauthorized]&gt;.status_code</failure></testcase><testcase classname="tests.unit.logic.backend.sys.test_cases.test_api_users.TestUsersAPI" name="test_list_users_with_role_filter" time="0.008"><failure message="assert 401 == 200&#10; +  where 401 = &lt;Response [401 Unauthorized]&gt;.status_code">E   assert 401 == 200
     +  where 401 = &lt;Response [401 Unauthorized]&gt;.status_code</failure></testcase><testcase classname="tests.unit.logic.backend.sys.test_cases.test_api_users.TestUsersAPI" name="test_list_users_with_pagination" time="0.008"><failure message="assert 401 == 200&#10; +  where 401 = &lt;Response [401 Unauthorized]&gt;.status_code">E   assert 401 == 200
     +  where 401 = &lt;Response [401 Unauthorized]&gt;.status_code</failure></testcase><testcase classname="tests.unit.logic.backend.sys.test_cases.test_api_users.TestUsersAPI" name="test_list_users_unauthorized" time="0.010" /><testcase classname="tests.unit.logic.backend.sys.test_cases.test_api_users.TestUsersAPI" name="test_get_user_success" time="0.005"><failure message="assert 404 == 200&#10; +  where 404 = &lt;Response [404 Not Found]&gt;.status_code">E   assert 404 == 200
     +  where 404 = &lt;Response [404 Not Found]&gt;.status_code</failure></testcase><testcase classname="tests.unit.logic.backend.sys.test_cases.test_api_users.TestUsersAPI" name="test_get_user_not_found" time="0.006" /><testcase classname="tests.unit.logic.backend.sys.test_cases.test_api_users.TestUsersAPI" name="test_create_user_success" time="0.005"><failure message="assert 405 == 201&#10; +  where 405 = &lt;Response [405 Method Not Allowed]&gt;.status_code">E   assert 405 == 201
     +  where 405 = &lt;Response [405 Method Not Allowed]&gt;.status_code</failure></testcase><testcase classname="tests.unit.logic.backend.sys.test_cases.test_api_users.TestUsersAPI" name="test_create_user_missing_fields" time="0.006"><failure message="assert 405 == 422&#10; +  where 405 = &lt;Response [405 Method Not Allowed]&gt;.status_code">E   assert 405 == 422
     +  where 405 = &lt;Response [405 Method Not Allowed]&gt;.status_code</failure></testcase><testcase classname="tests.unit.logic.backend.sys.test_cases.test_api_users.TestUsersAPI" name="test_update_user_success" time="0.006"><failure message="assert 404 == 200&#10; +  where 404 = &lt;Response [404 Not Found]&gt;.status_code">E   assert 404 == 200
     +  where 404 = &lt;Response [404 Not Found]&gt;.status_code</failure></testcase><testcase classname="tests.unit.logic.backend.sys.test_cases.test_api_users.TestUsersAPI" name="test_delete_user_success" time="0.007"><failure message="assert 404 == 200&#10; +  where 404 = &lt;Response [404 Not Found]&gt;.status_code">E   assert 404 == 200
     +  where 404 = &lt;Response [404 Not Found]&gt;.status_code</failure></testcase><testcase classname="tests.unit.logic.backend.sys.test_cases.test_api_users.TestUsersAPI" name="test_list_users_limit_max" time="0.007"><failure message="assert 401 == 200&#10; +  where 401 = &lt;Response [401 Unauthorized]&gt;.status_code">E   assert 401 == 200
     +  where 401 = &lt;Response [401 Unauthorized]&gt;.status_code</failure></testcase><testcase classname="tests.unit.logic.backend.sys.test_cases.test_api_users.TestUsersAPI" name="test_list_users_limit_exceeds_max" time="0.008"><failure message="assert 401 == 422&#10; +  where 401 = &lt;Response [401 Unauthorized]&gt;.status_code">E   assert 401 == 422
     +  where 401 = &lt;Response [401 Unauthorized]&gt;.status_code</failure></testcase><testcase classname="tests.unit.logic.backend.sys.test_cases.test_app_dal.TestAppDAL" name="test_insert_success" time="0.007" /><testcase classname="tests.unit.logic.backend.sys.test_cases.test_app_dal.TestAppDAL" name="test_find_one_success" time="0.003" /><testcase classname="tests.unit.logic.backend.sys.test_cases.test_app_dal.TestAppDAL" name="test_find_one_not_found" time="0.002" /><testcase classname="tests.unit.logic.backend.sys.test_cases.test_app_dal.TestAppDAL" name="test_update_success" time="0.003" /><testcase classname="tests.unit.logic.backend.sys.test_cases.test_app_dal.TestAppDAL" name="test_delete_success" time="0.003" /><testcase classname="tests.unit.logic.backend.sys.test_cases.test_app_dal.TestAppDAL" name="test_find_all" time="0.004" /><testcase classname="tests.unit.logic.backend.sys.test_cases.test_app_dal.TestAppDAL" name="test_find_by_enabled" time="0.003" /><testcase classname="tests.unit.logic.backend.sys.test_cases.test_app_dal.TestAppDAL" name="test_find_empty" time="0.002" /><testcase classname="tests.unit.logic.backend.sys.test_cases.test_app_dal.TestAppDAL" name="test_count" time="0.002" /><testcase classname="tests.unit.logic.backend.sys.test_cases.test_app_dal.TestAppDAL" name="test_exists" time="0.002" /><testcase classname="tests.unit.logic.backend.sys.test_cases.test_app_model.TestAppModel" name="test_app_creation_valid" time="0.001" /><testcase classname="tests.unit.logic.backend.sys.test_cases.test_app_model.TestAppModel" name="test_app_creation_disabled" time="0.002" /><testcase classname="tests.unit.logic.backend.sys.test_cases.test_app_model.TestAppModel" name="test_app_creation_with_dependencies" time="0.001" /><testcase classname="tests.unit.logic.backend.sys.test_cases.test_app_model.TestAppModel" name="test_app_validate_manifest_valid" time="0.001" /><testcase classname="tests.unit.logic.backend.sys.test_cases.test_app_model.TestAppModel" name="test_app_validate_manifest_invalid_missing_field" time="0.001" /><testcase classname="tests.unit.logic.backend.sys.test_cases.test_app_model.TestAppModel" name="test_app_to_dict" time="0.001" /><testcase classname="tests.unit.logic.backend.sys.test_cases.test_app_model.TestAppModel" name="test_app_from_dict" time="0.001" /><testcase classname="tests.unit.logic.backend.sys.test_cases.test_app_model.TestAppModel" name="test_app_serialization_roundtrip" time="0.001" /><testcase classname="tests.unit.logic.backend.sys.test_cases.test_app_model.TestAppModel" name="test_app_invalid_missing_id" time="0.001" /><testcase classname="tests.unit.logic.backend.sys.test_cases.test_app_model.TestAppModel" name="test_app_invalid_missing_name" time="0.001" /><testcase classname="tests.unit.logic.backend.sys.test_cases.test_app_model.TestAppResponseModel" name="test_appresponse_creation_valid" time="0.001" /><testcase classname="tests.unit.logic.backend.sys.test_cases.test_app_service.TestAppService" name="test_list_apps_all" time="0.003" /><testcase classname="tests.unit.logic.backend.sys.test_cases.test_app_service.TestAppService" name="test_list_apps_enabled_only" time="0.001" /><testcase classname="tests.unit.logic.backend.sys.test_cases.test_app_service.TestAppService" name="test_get_app_success" time="0.001" /><testcase classname="tests.unit.logic.backend.sys.test_cases.test_app_service.TestAppService" name="test_get_app_not_found" time="0.001" /><testcase classname="tests.unit.logic.backend.sys.test_cases.test_app_service.TestAppService" name="test_enable_app_success" time="0.001" /><testcase classname="tests.unit.logic.backend.sys.test_cases.test_app_service.TestAppService" name="test_list_apps_empty" time="0.001" /><testcase classname="tests.unit.logic.backend.sys.test_cases.test_app_service.TestAppService" name="test_list_apps_enabled_true" time="0.001" /><testcase classname="tests.unit.logic.backend.sys.test_cases.test_app_service.TestAppService" name="test_list_apps_enabled_false" time="0.001" /><testcase classname="tests.unit.logic.backend.sys.test_cases.test_app_service.TestAppService" name="test_list_apps_enabled_none" time="0.002" /><testcase classname="tests.unit.logic.backend.sys.test_cases.test_app_service.TestAppService" name="test_list_apps_multiple" time="0.002" /><testcase classname="tests.unit.logic.backend.sys.test_cases.test_apps_api.TestAppsAPI" name="test_list_apps_success" time="0.007"><failure message="assert 401 == 200&#10; +  where 401 = &lt;Response [401 Unauthorized]&gt;.status_code">E   assert 401 == 200
     +  where 401 = &lt;Response [401 Unauthorized]&gt;.status_code</failure></testcase><testcase classname="tests.unit.logic.backend.sys.test_cases.test_apps_api.TestAppsAPI" name="test_list_apps_enabled_only" time="0.008"><failure message="assert 401 == 200&#10; +  where 401 = &lt;Response [401 Unauthorized]&gt;.status_code">E   assert 401 == 200
     +  where 401 = &lt;Response [401 Unauthorized]&gt;.status_code</failure></testcase><testcase classname="tests.unit.logic.backend.sys.test_cases.test_apps_api.TestAppsAPI" name="test_get_app_success" time="0.007"><failure message="assert 404 == 200&#10; +  where 404 = &lt;Response [404 Not Found]&gt;.status_code">E   assert 404 == 200
     +  where 404 = &lt;Response [404 Not Found]&gt;.status_code</failure></testcase><testcase classname="tests.unit.logic.backend.sys.test_cases.test_apps_api.TestAppsAPI" name="test_get_app_not_found" time="0.006" /><testcase classname="tests.unit.logic.backend.sys.test_cases.test_apps_api.TestAppsAPI" name="test_scan_apps_success" time="0.004"><failure message="assert 404 == 200&#10; +  where 404 = &lt;Response [404 Not Found]&gt;.status_code">E   assert 404 == 200
     +  where 404 = &lt;Response [404 Not Found]&gt;.status_code</failure></testcase><testcase classname="tests.unit.logic.backend.sys.test_cases.test_apps_api.TestAppsAPI" name="test_enable_app_success" time="0.006"><failure message="assert 404 == 200&#10; +  where 404 = &lt;Response [404 Not Found]&gt;.status_code">E   assert 404 == 200
     +  where 404 = &lt;Response [404 Not Found]&gt;.status_code</failure></testcase><testcase classname="tests.unit.logic.backend.sys.test_cases.test_auth_api.TestAuthAPI" name="test_login_success" time="0.004"><failure message="assert 404 == 200&#10; +  where 404 = &lt;Response [404 Not Found]&gt;.status_code">E   assert 404 == 200
     +  where 404 = &lt;Response [404 Not Found]&gt;.status_code</failure></testcase><testcase classname="tests.unit.logic.backend.sys.test_cases.test_auth_api.TestAuthAPI" name="test_login_failure" time="0.005"><failure message="assert 404 == 401&#10; +  where 404 = &lt;Response [404 Not Found]&gt;.status_code">E   assert 404 == 401
     +  where 404 = &lt;Response [404 Not Found]&gt;.status_code</failure></testcase><testcase classname="tests.unit.logic.backend.sys.test_cases.test_auth_api.TestAuthAPI" name="test_login_validation_error" time="0.004"><failure message="assert 404 == 422&#10; +  where 404 = &lt;Response [404 Not Found]&gt;.status_code">E   assert 404 == 422
     +  where 404 = &lt;Response [404 Not Found]&gt;.status_code</failure></testcase><testcase classname="tests.unit.logic.backend.sys.test_cases.test_auth_api.TestAuthAPI" name="test_logout_success" time="0.005"><failure message="assert 404 == 200&#10; +  where 404 = &lt;Response [404 Not Found]&gt;.status_code">E   assert 404 == 200
     +  where 404 = &lt;Response [404 Not Found]&gt;.status_code</failure></testcase><testcase classname="tests.unit.logic.backend.sys.test_cases.test_auth_api.TestAuthAPI" name="test_get_me_success" time="0.005"><failure message="assert 404 == 200&#10; +  where 404 = &lt;Response [404 Not Found]&gt;.status_code">E   assert 404 == 200
     +  where 404 = &lt;Response [404 Not Found]&gt;.status_code</failure></testcase><testcase classname="tests.unit.logic.backend.sys.test_cases.test_auth_api.TestAuthAPI" name="test_get_me_unauthorized" time="0.004"><failure message="assert 404 == 401&#10; +  where 404 = &lt;Response [404 Not Found]&gt;.status_code">E   assert 404 == 401
     +  where 404 = &lt;Response [404 Not Found]&gt;.status_code</failure></testcase><testcase classname="tests.unit.logic.backend.sys.test_cases.test_auth_api.TestAuthAPI" name="test_change_password_success" time="0.005"><failure message="assert 404 == 200&#10; +  where 404 = &lt;Response [404 Not Found]&gt;.status_code">E   assert 404 == 200
     +  where 404 = &lt;Response [404 Not Found]&gt;.status_code</failure></testcase><testcase classname="tests.unit.logic.backend.sys.test_cases.test_auth_api.TestAuthAPI" name="test_change_password_wrong_current" time="0.004"><failure message="assert 404 == 400&#10; +  where 404 = &lt;Response [404 Not Found]&gt;.status_code">E   assert 404 == 400
     +  where 404 = &lt;Response [404 Not Found]&gt;.status_code</failure></testcase><testcase classname="tests.unit.logic.backend.sys.test_cases.test_auth_api.TestAuthAPI" name="test_login_minimal_data" time="0.006"><failure message="assert 404 == 200&#10; +  where 404 = &lt;Response [404 Not Found]&gt;.status_code">E   assert 404 == 200
     +  where 404 = &lt;Response [404 Not Found]&gt;.status_code</failure></testcase><testcase classname="tests.unit.logic.backend.sys.test_cases.test_auth_service.TestAuthService" name="test_authenticate_success" time="0.278" /><testcase classname="tests.unit.logic.backend.sys.test_cases.test_auth_service.TestAuthService" name="test_authenticate_user_not_found" time="0.002" /><testcase classname="tests.unit.logic.backend.sys.test_cases.test_auth_service.TestAuthService" name="test_authenticate_invalid_password" time="0.273" /><testcase classname="tests.unit.logic.backend.sys.test_cases.test_auth_service.TestAuthService" name="test_create_session" time="0.003" /><testcase classname="tests.unit.logic.backend.sys.test_cases.test_auth_service.TestAuthService" name="test_logout_success" time="0.001" /><testcase classname="tests.unit.logic.backend.sys.test_cases.test_auth_service.TestAuthService" name="test_logout_no_session" time="0.002" /><testcase classname="tests.unit.logic.backend.sys.test_cases.test_auth_service.TestAuthService" name="test_get_current_user_success" time="0.002" /><testcase classname="tests.unit.logic.backend.sys.test_cases.test_auth_service.TestAuthService" name="test_get_current_user_invalid_token" time="0.001" /><testcase classname="tests.unit.logic.backend.sys.test_cases.test_auth_service.TestAuthService" name="test_get_current_user_no_session" time="0.002" /><testcase classname="tests.unit.logic.backend.sys.test_cases.test_auth_service.TestAuthService" name="test_change_password_success" time="0.275" /><testcase classname="tests.unit.logic.backend.sys.test_cases.test_auth_service.TestAuthService" name="test_change_password_wrong_current" time="0.297" /><testcase classname="tests.unit.logic.backend.sys.test_cases.test_auth_service.TestAuthService" name="test_change_password_too_short" time="0.282" /><testcase classname="tests.unit.logic.backend.sys.test_cases.test_auth_service.TestAuthService" name="test_change_password_min_length" time="0.277" /><testcase classname="tests.unit.logic.backend.sys.test_cases.test_auth_service.TestAuthService" name="test_change_password_below_min_length" time="0.277" /><testcase classname="tests.unit.logic.backend.sys.test_cases.test_auth_service.TestAuthService" name="test_change_password_user_not_found" time="0.001" /><testcase classname="tests.unit.logic.backend.sys.test_cases.test_config_api.TestConfigAPI" name="test_load_config_default" time="0.002" /><testcase classname="tests.unit.logic.backend.sys.test_cases.test_config_api.TestConfigAPI" name="test_load_config_from_file" time="0.006" /><testcase classname="tests.unit.logic.backend.sys.test_cases.test_config_api.TestConfigAPI" name="test_load_config_empty" time="0.005" /><testcase classname="tests.unit.logic.backend.sys.test_cases.test_exceptions.TestExceptions" name="test_websystem_exception" time="0.000" /><testcase classname="tests.unit.logic.backend.sys.test_cases.test_exceptions.TestExceptions" name="test_authentication_exception" time="0.001" /><testcase classname="tests.unit.logic.backend.sys.test_cases.test_exceptions.TestExceptions" name="test_authorization_exception" time="0.000" /><testcase classname="tests.unit.logic.backend.sys.test_cases.test_exceptions.TestExceptions" name="test_validation_exception" time="0.000" /><testcase classname="tests.unit.logic.backend.sys.test_cases.test_exceptions.TestExceptions" name="test_user_not_found_exception" time="0.001" /><testcase classname="tests.unit.logic.backend.sys.test_cases.test_exceptions.TestExceptions" name="test_user_already_exists_exception" time="0.001" /><testcase classname="tests.unit.logic.backend.sys.test_cases.test_health_api.TestHealthAPI" name="test_health_check_success" time="0.004"><failure message="assert 404 == 200&#10; +  where 404 = &lt;Response [404 Not Found]&gt;.status_code">E   assert 404 == 200
     +  where 404 = &lt;Response [404 Not Found]&gt;.status_code</failure></testcase><testcase classname="tests.unit.logic.backend.sys.test_cases.test_health_api.TestHealthAPI" name="test_health_check_data_dir_not_accessible" time="0.004"><failure message="assert 404 == 200&#10; +  where 404 = &lt;Response [404 Not Found]&gt;.status_code">E   assert 404 == 200
     +  where 404 = &lt;Response [404 Not Found]&gt;.status_code</failure></testcase><testcase classname="tests.unit.logic.backend.sys.test_cases.test_health_api.TestHealthAPI" name="test_health_check_response_format" time="0.006"><failure message="AssertionError: assert 'status' in {'detail': 'Not Found'}">E   AssertionError: assert 'status' in {'detail': 'Not Found'}</failure></testcase><testcase classname="tests.unit.logic.backend.sys.test_cases.test_json_dal.TestJsonDAL" name="test_insert_new_record" time="0.007" /><testcase classname="tests.unit.logic.backend.sys.test_cases.test_json_dal.TestJsonDAL" name="test_insert_with_predefined_id" time="0.003" /><testcase classname="tests.unit.logic.backend.sys.test_cases.test_json_dal.TestJsonDAL" name="test_find_one_existing_record" time="0.002" /><testcase classname="tests.unit.logic.backend.sys.test_cases.test_json_dal.TestJsonDAL" name="test_find_one_non_existing_record" time="0.002" /><testcase classname="tests.unit.logic.backend.sys.test_cases.test_json_dal.TestJsonDAL" name="test_find_multiple_records" time="0.003" /><testcase classname="tests.unit.logic.backend.sys.test_cases.test_json_dal.TestJsonDAL" name="test_find_with_pagination" time="0.005" /><testcase classname="tests.unit.logic.backend.sys.test_cases.test_json_dal.TestJsonDAL" name="test_find_boundary_offset_exceeds_data" time="0.003" /><testcase classname="tests.unit.logic.backend.sys.test_cases.test_json_dal.TestJsonDAL" name="test_update_existing_record" time="0.003" /><testcase classname="tests.unit.logic.backend.sys.test_cases.test_json_dal.TestJsonDAL" name="test_update_non_existing_record" time="0.001" /><testcase classname="tests.unit.logic.backend.sys.test_cases.test_json_dal.TestJsonDAL" name="test_delete_existing_record" time="0.002" /><testcase classname="tests.unit.logic.backend.sys.test_cases.test_json_dal.TestJsonDAL" name="test_delete_non_existing_record" time="0.001" /><testcase classname="tests.unit.logic.backend.sys.test_cases.test_json_dal.TestJsonDAL" name="test_count_matching_records" time="0.005" /><testcase classname="tests.unit.logic.backend.sys.test_cases.test_json_dal.TestJsonDAL" name="test_count_no_match" time="0.002" /><testcase classname="tests.unit.logic.backend.sys.test_cases.test_json_dal.TestJsonDAL" name="test_exists_record_present" time="0.002" /><testcase classname="tests.unit.logic.backend.sys.test_cases.test_json_dal.TestJsonDAL" name="test_exists_record_absent" time="0.001" /><testcase classname="tests.unit.logic.backend.sys.test_cases.test_json_dal.TestJsonDAL" name="test_load_data_file_not_exists" time="0.001" /><testcase classname="tests.unit.logic.backend.sys.test_cases.test_json_dal.TestJsonDAL" name="test_load_data_empty_file" time="0.003" /><testcase classname="tests.unit.logic.backend.sys.test_cases.test_json_dal.TestJsonDAL" name="test_load_data_io_error" time="0.004" /><testcase classname="tests.unit.logic.backend.sys.test_cases.test_json_dal.TestJsonDAL" name="test_match_criteria_all_match" time="0.001" /><testcase classname="tests.unit.logic.backend.sys.test_cases.test_json_dal.TestJsonDAL" name="test_match_criteria_partial_match" time="0.001" /><testcase classname="tests.unit.logic.backend.sys.test_cases.test_json_dal.TestJsonDAL" name="test_generate_id_uniqueness" time="0.002" /><testcase classname="tests.unit.logic.backend.sys.test_cases.test_jwt_service.TestJWTService" name="test_create_token_success" time="0.001" /><testcase classname="tests.unit.logic.backend.sys.test_cases.test_jwt_service.TestJWTService" name="test_verify_token_success" time="0.001" /><testcase classname="tests.unit.logic.backend.sys.test_cases.test_jwt_service.TestJWTService" name="test_verify_token_invalid" time="0.001" /><testcase classname="tests.unit.logic.backend.sys.test_cases.test_jwt_service.TestJWTService" name="test_verify_token_expired" time="0.001" /><testcase classname="tests.unit.logic.backend.sys.test_cases.test_jwt_service.TestJWTService" name="test_verify_token_wrong_signature" time="0.001" /><testcase classname="tests.unit.logic.backend.sys.test_cases.test_jwt_service.TestJWTService" name="test_decode_token_success" time="0.001" /><testcase classname="tests.unit.logic.backend.sys.test_cases.test_jwt_service.TestJWTService" name="test_decode_token_failure" time="0.001" /><testcase classname="tests.unit.logic.backend.sys.test_cases.test_jwt_service.TestJWTService" name="test_refresh_token_success" time="0.001" /><testcase classname="tests.unit.logic.backend.sys.test_cases.test_jwt_service.TestJWTService" name="test_refresh_token_invalid" time="0.001" /><testcase classname="tests.unit.logic.backend.sys.test_cases.test_jwt_service.TestJWTService" name="test_verify_token_about_to_expire" time="0.001" /><testcase classname="tests.unit.logic.backend.sys.test_cases.test_jwt_service.TestJWTService" name="test_verify_token_exactly_expired" time="0.001" /><testcase classname="tests.unit.logic.backend.sys.test_cases.test_jwt_service.TestJWTService" name="test_create_token_custom_expiration" time="0.001" /><testcase classname="tests.unit.logic.backend.sys.test_cases.test_notification_dal.TestNotificationDAL" name="test_insert_success" time="0.002" /><testcase classname="tests.unit.logic.backend.sys.test_cases.test_notification_dal.TestNotificationDAL" name="test_find_by_user_all" time="0.003" /><testcase classname="tests.unit.logic.backend.sys.test_cases.test_notification_dal.TestNotificationDAL" name="test_find_by_user_unread_only" time="0.003" /><testcase classname="tests.unit.logic.backend.sys.test_cases.test_notification_dal.TestNotificationDAL" name="test_mark_read_success" time="0.003" /><testcase classname="tests.unit.logic.backend.sys.test_cases.test_notification_dal.TestNotificationDAL" name="test_delete_success" time="0.004" /><testcase classname="tests.unit.logic.backend.sys.test_cases.test_notification_dal.TestNotificationDAL" name="test_delete_expired" time="0.003" /><testcase classname="tests.unit.logic.backend.sys.test_cases.test_notification_dal.TestNotificationDAL" name="test_find_by_user_empty" time="0.001" /><testcase classname="tests.unit.logic.backend.sys.test_cases.test_notification_dal.TestNotificationDAL" name="test_find_by_user_multiple_users" time="0.003" /><testcase classname="tests.unit.logic.backend.sys.test_cases.test_notification_dal.TestNotificationDAL" name="test_count" time="0.003" /><testcase classname="tests.unit.logic.backend.sys.test_cases.test_notification_dal.TestNotificationDAL" name="test_exists" time="0.003" /><testcase classname="tests.unit.logic.backend.sys.test_cases.test_notification_model.TestNotificationModel" name="test_notification_creation_info" time="0.001" /><testcase classname="tests.unit.logic.backend.sys.test_cases.test_notification_model.TestNotificationModel" name="test_notification_creation_warning" time="0.001" /><testcase classname="tests.unit.logic.backend.sys.test_cases.test_notification_model.TestNotificationModel" name="test_notification_creation_error" time="0.001" /><testcase classname="tests.unit.logic.backend.sys.test_cases.test_notification_model.TestNotificationModel" name="test_notification_creation_success" time="0.001" /><testcase classname="tests.unit.logic.backend.sys.test_cases.test_notification_model.TestNotificationModel" name="test_notification_boundary_title_min" time="0.001" /><testcase classname="tests.unit.logic.backend.sys.test_cases.test_notification_model.TestNotificationModel" name="test_notification_boundary_title_max" time="0.001" /><testcase classname="tests.unit.logic.backend.sys.test_cases.test_notification_model.TestNotificationModel" name="test_notification_boundary_message_min" time="0.001" /><testcase classname="tests.unit.logic.backend.sys.test_cases.test_notification_model.TestNotificationModel" name="test_notification_invalid_type" time="0.001" /><testcase classname="tests.unit.logic.backend.sys.test_cases.test_notification_model.TestNotificationModel" name="test_notification_invalid_title_empty" time="0.002" /><testcase classname="tests.unit.logic.backend.sys.test_cases.test_notification_model.TestNotificationModel" name="test_notification_invalid_title_too_long" time="0.001" /><testcase classname="tests.unit.logic.backend.sys.test_cases.test_notification_model.TestNotificationModel" name="test_notification_invalid_message_empty" time="0.001" /><testcase classname="tests.unit.logic.backend.sys.test_cases.test_notification_model.TestNotificationModel" name="test_notification_invalid_message_too_long" time="0.001" /><testcase classname="tests.unit.logic.backend.sys.test_cases.test_notification_model.TestNotificationModel" name="test_notification_is_expired_true" time="0.001" /><testcase classname="tests.unit.logic.backend.sys.test_cases.test_notification_model.TestNotificationModel" name="test_notification_is_expired_false_not_expired" time="0.001" /><testcase classname="tests.unit.logic.backend.sys.test_cases.test_notification_model.TestNotificationModel" name="test_notification_is_expired_false_no_expiry" time="0.001" /><testcase classname="tests.unit.logic.backend.sys.test_cases.test_notification_model.TestNotificationModel" name="test_notification_to_dict" time="0.001" /><testcase classname="tests.unit.logic.backend.sys.test_cases.test_notification_model.TestNotificationModel" name="test_notification_from_dict" time="0.001" /><testcase classname="tests.unit.logic.backend.sys.test_cases.test_notification_model.TestNotificationModel" name="test_notification_serialization_roundtrip" time="0.002" /><testcase classname="tests.unit.logic.backend.sys.test_cases.test_notification_model.TestNotificationCreateModel" name="test_notification_create_valid" time="0.001" /><testcase classname="tests.unit.logic.backend.sys.test_cases.test_notification_service.TestNotificationService" name="test_create_notification_success" time="0.001" /><testcase classname="tests.unit.logic.backend.sys.test_cases.test_notification_service.TestNotificationService" name="test_get_user_notifications_all" time="0.001" /><testcase classname="tests.unit.logic.backend.sys.test_cases.test_notification_service.TestNotificationService" name="test_get_user_notifications_unread_only" time="0.001" /><testcase classname="tests.unit.logic.backend.sys.test_cases.test_notification_service.TestNotificationService" name="test_mark_as_read_success" time="0.001" /><testcase classname="tests.unit.logic.backend.sys.test_cases.test_notification_service.TestNotificationService" name="test_mark_as_read_not_found" time="0.001" /><testcase classname="tests.unit.logic.backend.sys.test_cases.test_notification_service.TestNotificationService" name="test_mark_as_read_forbidden" time="0.001" /><testcase classname="tests.unit.logic.backend.sys.test_cases.test_notification_service.TestNotificationService" name="test_delete_notification_success" time="0.002" /><testcase classname="tests.unit.logic.backend.sys.test_cases.test_notification_service.TestNotificationService" name="test_delete_notification_not_found" time="0.001" /><testcase classname="tests.unit.logic.backend.sys.test_cases.test_notification_service.TestNotificationService" name="test_delete_notification_forbidden" time="0.001" /><testcase classname="tests.unit.logic.backend.sys.test_cases.test_notification_service.TestNotificationService" name="test_get_user_notifications_empty" time="0.002" /><testcase classname="tests.unit.logic.backend.sys.test_cases.test_notifications_api.TestNotificationsAPI" name="test_list_notifications_success" time="0.004"><failure message="assert 405 == 200&#10; +  where 405 = &lt;Response [405 Method Not Allowed]&gt;.status_code">E   assert 405 == 200
     +  where 405 = &lt;Response [405 Method Not Allowed]&gt;.status_code</failure></testcase><testcase classname="tests.unit.logic.backend.sys.test_cases.test_notifications_api.TestNotificationsAPI" name="test_list_notifications_unread_only" time="0.006"><failure message="assert 405 == 200&#10; +  where 405 = &lt;Response [405 Method Not Allowed]&gt;.status_code">E   assert 405 == 200
     +  where 405 = &lt;Response [405 Method Not Allowed]&gt;.status_code</failure></testcase><testcase classname="tests.unit.logic.backend.sys.test_cases.test_notifications_api.TestNotificationsAPI" name="test_create_notification_success" time="0.004"><failure message="assert 405 == 201&#10; +  where 405 = &lt;Response [405 Method Not Allowed]&gt;.status_code">E   assert 405 == 201
     +  where 405 = &lt;Response [405 Method Not Allowed]&gt;.status_code</failure></testcase><testcase classname="tests.unit.logic.backend.sys.test_cases.test_notifications_api.TestNotificationsAPI" name="test_mark_as_read_success" time="0.006"><failure message="assert 404 == 200&#10; +  where 404 = &lt;Response [404 Not Found]&gt;.status_code">E   assert 404 == 200
     +  where 404 = &lt;Response [404 Not Found]&gt;.status_code</failure></testcase><testcase classname="tests.unit.logic.backend.sys.test_cases.test_notifications_api.TestNotificationsAPI" name="test_mark_as_read_not_found" time="0.004" /><testcase classname="tests.unit.logic.backend.sys.test_cases.test_notifications_api.TestNotificationsAPI" name="test_delete_notification_success" time="0.005"><failure message="assert 404 == 200&#10; +  where 404 = &lt;Response [404 Not Found]&gt;.status_code">E   assert 404 == 200
     +  where 404 = &lt;Response [404 Not Found]&gt;.status_code</failure></testcase><testcase classname="tests.unit.logic.backend.sys.test_cases.test_notifications_api.TestNotificationsAPI" name="test_delete_notification_not_found" time="0.005" /><testcase classname="tests.unit.logic.backend.sys.test_cases.test_security.TestHashPassword" name="test_hash_password_normal" time="0.273" /><testcase classname="tests.unit.logic.backend.sys.test_cases.test_security.TestHashPassword" name="test_hash_password_empty" time="0.275" /><testcase classname="tests.unit.logic.backend.sys.test_cases.test_security.TestHashPassword" name="test_hash_password_long" time="0.273" /><testcase classname="tests.unit.logic.backend.sys.test_cases.test_security.TestHashPassword" name="test_hash_password_72byte_limit" time="0.001" /><testcase classname="tests.unit.logic.backend.sys.test_cases.test_security.TestHashPassword" name="test_hash_password_uniqueness" time="0.674" /><testcase classname="tests.unit.logic.backend.sys.test_cases.test_security.TestVerifyPassword" name="test_verify_password_match" time="0.547" /><testcase classname="tests.unit.logic.backend.sys.test_cases.test_security.TestVerifyPassword" name="test_verify_password_mismatch" time="0.547" /><testcase classname="tests.unit.logic.backend.sys.test_cases.test_security.TestVerifyPassword" name="test_verify_password_empty_plain" time="0.546" /><testcase classname="tests.unit.logic.backend.sys.test_cases.test_security.TestVerifyPassword" name="test_verify_password_empty_both" time="0.584" /><testcase classname="tests.unit.logic.backend.sys.test_cases.test_security.TestVerifyPassword" name="test_verify_password_case_sensitive" time="0.668" /><testcase classname="tests.unit.logic.backend.sys.test_cases.test_security.TestCreateAccessToken" name="test_create_access_token_default_expiry" time="0.001" /><testcase classname="tests.unit.logic.backend.sys.test_cases.test_security.TestCreateAccessToken" name="test_create_access_token_custom_expiry" time="0.001" /><testcase classname="tests.unit.logic.backend.sys.test_cases.test_security.TestCreateAccessToken" name="test_create_access_token_minimal_data" time="0.001" /><testcase classname="tests.unit.logic.backend.sys.test_cases.test_security.TestCreateAccessToken" name="test_create_access_token_large_data" time="0.001" /><testcase classname="tests.unit.logic.backend.sys.test_cases.test_security.TestCreateAccessToken" name="test_create_access_token_zero_expiry" time="0.001" /><testcase classname="tests.unit.logic.backend.sys.test_cases.test_security.TestVerifyToken" name="test_verify_token_valid" time="0.001" /><testcase classname="tests.unit.logic.backend.sys.test_cases.test_security.TestVerifyToken" name="test_verify_token_invalid_format" time="0.001" /><testcase classname="tests.unit.logic.backend.sys.test_cases.test_security.TestVerifyToken" name="test_verify_token_malformed" time="0.001" /><testcase classname="tests.unit.logic.backend.sys.test_cases.test_security.TestVerifyToken" name="test_verify_token_expired" time="0.001" /><testcase classname="tests.unit.logic.backend.sys.test_cases.test_security.TestVerifyToken" name="test_verify_token_empty" time="0.000" /><testcase classname="tests.unit.logic.backend.sys.test_cases.test_security.TestVerifyToken" name="test_verify_token_roundtrip" time="0.001" /><testcase classname="tests.unit.logic.backend.sys.test_cases.test_session_dal.TestSessionDAL" name="test_find_by_token_existing" time="0.005" /><testcase classname="tests.unit.logic.backend.sys.test_cases.test_session_dal.TestSessionDAL" name="test_find_by_token_non_existing" time="0.001" /><testcase classname="tests.unit.logic.backend.sys.test_cases.test_session_dal.TestSessionDAL" name="test_insert_creates_session_file" time="0.003" /><testcase classname="tests.unit.logic.backend.sys.test_cases.test_session_dal.TestSessionDAL" name="test_delete_removes_session_file" time="0.004" /><testcase classname="tests.unit.logic.backend.sys.test_cases.test_session_dal.TestSessionDAL" name="test_cleanup_expired_removes_old_sessions" time="0.005" /><testcase classname="tests.unit.logic.backend.sys.test_cases.test_session_dal.TestSessionDAL" name="test_cleanup_expired_no_expired_sessions" time="0.004" /><testcase classname="tests.unit.logic.backend.sys.test_cases.test_session_dal.TestSessionDAL" name="test_cleanup_expired_boundary_exact_now" time="0.008" /><testcase classname="tests.unit.logic.backend.sys.test_cases.test_session_dal.TestSessionDAL" name="test_cleanup_expired_removes_session_files" time="0.013" /><testcase classname="tests.unit.logic.backend.sys.test_cases.test_session_dal.TestSessionDAL" name="test_sessions_dir_created_on_init" time="0.001" /><testcase classname="tests.unit.logic.backend.sys.test_cases.test_session_dal.TestSessionDAL" name="test_collection_name_set" time="0.002" /><testcase classname="tests.unit.logic.backend.sys.test_cases.test_session_dal.TestSessionDAL" name="test_find_by_token_multiple_sessions" time="0.004" /><testcase classname="tests.unit.logic.backend.sys.test_cases.test_session_dal.TestSessionDAL" name="test_boundary_empty_database_cleanup" time="0.004" /><testcase classname="tests.unit.logic.backend.sys.test_cases.test_session_model.TestSessionModel" name="test_session_creation_valid" time="0.003" /><testcase classname="tests.unit.logic.backend.sys.test_cases.test_session_model.TestSessionModel" name="test_session_is_valid_future" time="0.002" /><testcase classname="tests.unit.logic.backend.sys.test_cases.test_session_model.TestSessionModel" name="test_session_is_valid_expired" time="0.001" /><testcase classname="tests.unit.logic.backend.sys.test_cases.test_session_model.TestSessionModel" name="test_session_is_valid_boundary_exact_now" time="0.002" /><testcase classname="tests.unit.logic.backend.sys.test_cases.test_session_model.TestSessionModel" name="test_session_is_valid_boundary_one_second_before_expiry" time="0.003" /><testcase classname="tests.unit.logic.backend.sys.test_cases.test_session_model.TestSessionModel" name="test_session_to_dict" time="0.001" /><testcase classname="tests.unit.logic.backend.sys.test_cases.test_session_model.TestSessionModel" name="test_session_from_dict" time="0.001" /><testcase classname="tests.unit.logic.backend.sys.test_cases.test_session_model.TestSessionModel" name="test_session_no_metadata" time="0.002" /><testcase classname="tests.unit.logic.backend.sys.test_cases.test_session_model.TestSessionModel" name="test_session_missing_sessionId" time="0.003" /><testcase classname="tests.unit.logic.backend.sys.test_cases.test_session_model.TestSessionModel" name="test_session_missing_userId" time="0.001" /><testcase classname="tests.unit.logic.backend.sys.test_cases.test_session_model.TestSessionModel" name="test_session_invalid_createdAt_type" time="0.001" /><testcase classname="tests.unit.logic.backend.sys.test_cases.test_session_model.TestSessionModel" name="test_session_invalid_expiresAt_type" time="0.001" /><testcase classname="tests.unit.logic.backend.sys.test_cases.test_user_dal.TestUserDAL" name="test_find_by_username_existing" time="0.003" /><testcase classname="tests.unit.logic.backend.sys.test_cases.test_user_dal.TestUserDAL" name="test_find_by_username_non_existing" time="0.001" /><testcase classname="tests.unit.logic.backend.sys.test_cases.test_user_dal.TestUserDAL" name="test_find_by_username_case_sensitive" time="0.004" /><testcase classname="tests.unit.logic.backend.sys.test_cases.test_user_dal.TestUserDAL" name="test_find_by_email_existing" time="0.002" /><testcase classname="tests.unit.logic.backend.sys.test_cases.test_user_dal.TestUserDAL" name="test_find_by_email_non_existing" time="0.001" /><testcase classname="tests.unit.logic.backend.sys.test_cases.test_user_dal.TestUserDAL" name="test_update_last_login_existing_user" time="0.004" /><testcase classname="tests.unit.logic.backend.sys.test_cases.test_user_dal.TestUserDAL" name="test_update_last_login_non_existing_user" time="0.001" /><testcase classname="tests.unit.logic.backend.sys.test_cases.test_user_dal.TestUserDAL" name="test_multiple_users_find_by_username" time="0.005" /><testcase classname="tests.unit.logic.backend.sys.test_cases.test_user_dal.TestUserDAL" name="test_find_by_email_case_sensitive" time="0.002" /><testcase classname="tests.unit.logic.backend.sys.test_cases.test_user_dal.TestUserDAL" name="test_collection_name_set" time="0.001" /><testcase classname="tests.unit.logic.backend.sys.test_cases.test_user_dal.TestUserDAL" name="test_crud_operations_integration" time="0.004" /><testcase classname="tests.unit.logic.backend.sys.test_cases.test_user_dal.TestUserDAL" name="test_boundary_empty_database" time="0.001" /><testcase classname="tests.unit.logic.backend.sys.test_cases.test_user_model.TestUserModel" name="test_user_creation_valid_user" time="0.002" /><testcase classname="tests.unit.logic.backend.sys.test_cases.test_user_model.TestUserModel" name="test_user_creation_valid_admin" time="0.001" /><testcase classname="tests.unit.logic.backend.sys.test_cases.test_user_model.TestUserModel" name="test_user_boundary_username_min" time="0.001" /><testcase classname="tests.unit.logic.backend.sys.test_cases.test_user_model.TestUserModel" name="test_user_boundary_username_max" time="0.001" /><testcase classname="tests.unit.logic.backend.sys.test_cases.test_user_model.TestUserModel" name="test_user_boundary_displayname_min" time="0.001" /><testcase classname="tests.unit.logic.backend.sys.test_cases.test_user_model.TestUserModel" name="test_user_boundary_displayname_max" time="0.001" /><testcase classname="tests.unit.logic.backend.sys.test_cases.test_user_model.TestUserModel" name="test_user_invalid_username_too_short" time="0.001" /><testcase classname="tests.unit.logic.backend.sys.test_cases.test_user_model.TestUserModel" name="test_user_invalid_username_too_long" time="0.001" /><testcase classname="tests.unit.logic.backend.sys.test_cases.test_user_model.TestUserModel" name="test_user_invalid_role" time="0.001" /><testcase classname="tests.unit.logic.backend.sys.test_cases.test_user_model.TestUserModel" name="test_user_invalid_email" time="0.003" /><testcase classname="tests.unit.logic.backend.sys.test_cases.test_user_model.TestUserModel" name="test_user_invalid_displayname_empty" time="0.001" /><testcase classname="tests.unit.logic.backend.sys.test_cases.test_user_model.TestUserModel" name="test_user_invalid_displayname_too_long" time="0.001" /><testcase classname="tests.unit.logic.backend.sys.test_cases.test_user_model.TestUserModel" name="test_user_to_dict" time="0.001" /><testcase classname="tests.unit.logic.backend.sys.test_cases.test_user_model.TestUserModel" name="test_user_from_dict" time="0.001" /><testcase classname="tests.unit.logic.backend.sys.test_cases.test_user_model.TestUserModel" name="test_user_serialization_roundtrip" time="0.001" /><testcase classname="tests.unit.logic.backend.sys.test_cases.test_user_model.TestUserModel" name="test_user_validate_password_success" time="0.001" /><testcase classname="tests.unit.logic.backend.sys.test_cases.test_user_model.TestUserModel" name="test_user_validate_password_failure" time="0.001" /><testcase classname="tests.unit.logic.backend.sys.test_cases.test_user_model.TestUserCreateModel" name="test_usercreate_valid" time="0.001" /><testcase classname="tests.unit.logic.backend.sys.test_cases.test_user_model.TestUserCreateModel" name="test_usercreate_invalid_password_too_short" time="0.001" /><testcase classname="tests.unit.logic.backend.sys.test_cases.test_user_model.TestUserUpdateModel" name="test_userupdate_partial" time="0.000" /><testcase classname="tests.unit.logic.backend.sys.test_cases.test_user_model.TestUserResponseModel" name="test_userresponse_no_password" time="0.001" /><testcase classname="tests.unit.logic.backend.sys.test_cases.test_user_service.TestUserService" name="test_list_users_success" time="0.002" /><testcase classname="tests.unit.logic.backend.sys.test_cases.test_user_service.TestUserService" name="test_list_users_filter_by_role" time="0.001" /><testcase classname="tests.unit.logic.backend.sys.test_cases.test_user_service.TestUserService" name="test_get_user_success" time="0.001" /><testcase classname="tests.unit.logic.backend.sys.test_cases.test_user_service.TestUserService" name="test_get_user_not_found" time="0.001" /><testcase classname="tests.unit.logic.backend.sys.test_cases.test_user_service.TestUserService" name="test_create_user_success" time="0.322" /><testcase classname="tests.unit.logic.backend.sys.test_cases.test_user_service.TestUserService" name="test_create_user_duplicate_username" time="0.001" /><testcase classname="tests.unit.logic.backend.sys.test_cases.test_user_service.TestUserService" name="test_create_user_duplicate_email" time="0.002" /><testcase classname="tests.unit.logic.backend.sys.test_cases.test_user_service.TestUserService" name="test_update_user_success" time="0.002" /><testcase classname="tests.unit.logic.backend.sys.test_cases.test_user_service.TestUserService" name="test_update_user_not_found" time="0.001" /><testcase classname="tests.unit.logic.backend.sys.test_cases.test_user_service.TestUserService" name="test_update_user_duplicate_email" time="0.003" /><testcase classname="tests.unit.logic.backend.sys.test_cases.test_user_service.TestUserService" name="test_delete_user_success" time="0.002" /><testcase classname="tests.unit.logic.backend.sys.test_cases.test_user_service.TestUserService" name="test_delete_user_self_deletion" time="0.001" /><testcase classname="tests.unit.logic.backend.sys.test_cases.test_users_api.TestUsersAPI" name="test_list_users_success" time="0.012"><failure message="assert 401 == 200&#10; +  where 401 = &lt;Response [401 Unauthorized]&gt;.status_code">E   assert 401 == 200
     +  where 401 = &lt;Response [401 Unauthorized]&gt;.status_code</failure></testcase><testcase classname="tests.unit.logic.backend.sys.test_cases.test_users_api.TestUsersAPI" name="test_list_users_filter_by_role" time="0.008"><failure message="assert 401 == 200&#10; +  where 401 = &lt;Response [401 Unauthorized]&gt;.status_code">E   assert 401 == 200
     +  where 401 = &lt;Response [401 Unauthorized]&gt;.status_code</failure></testcase><testcase classname="tests.unit.logic.backend.sys.test_cases.test_users_api.TestUsersAPI" name="test_get_user_success" time="0.007"><failure message="assert 404 == 200&#10; +  where 404 = &lt;Response [404 Not Found]&gt;.status_code">E   assert 404 == 200
     +  where 404 = &lt;Response [404 Not Found]&gt;.status_code</failure></testcase><testcase classname="tests.unit.logic.backend.sys.test_cases.test_users_api.TestUsersAPI" name="test_get_user_not_found" time="0.006" /><testcase classname="tests.unit.logic.backend.sys.test_cases.test_users_api.TestUsersAPI" name="test_create_user_success" time="0.007"><failure message="assert 405 == 201&#10; +  where 405 = &lt;Response [405 Method Not Allowed]&gt;.status_code">E   assert 405 == 201
     +  where 405 = &lt;Response [405 Method Not Allowed]&gt;.status_code</failure></testcase><testcase classname="tests.unit.logic.backend.sys.test_cases.test_users_api.TestUsersAPI" name="test_create_user_duplicate" time="0.005"><failure message="assert 405 == 409&#10; +  where 405 = &lt;Response [405 Method Not Allowed]&gt;.status_code">E   assert 405 == 409
     +  where 405 = &lt;Response [405 Method Not Allowed]&gt;.status_code</failure></testcase><testcase classname="tests.unit.logic.backend.sys.test_cases.test_users_api.TestUsersAPI" name="test_update_user_success" time="0.007"><failure message="assert 404 == 200&#10; +  where 404 = &lt;Response [404 Not Found]&gt;.status_code">E   assert 404 == 200
     +  where 404 = &lt;Response [404 Not Found]&gt;.status_code</failure></testcase><testcase classname="tests.unit.logic.backend.sys.test_cases.test_users_api.TestUsersAPI" name="test_delete_user_success" time="0.005"><failure message="assert 404 == 200&#10; +  where 404 = &lt;Response [404 Not Found]&gt;.status_code">E   assert 404 == 200
     +  where 404 = &lt;Response [404 Not Found]&gt;.status_code</failure></testcase><testcase classname="tests.unit.logic.backend.sys.test_cases.test_users_api.TestUsersAPI" name="test_list_users_forbidden" time="0.008"><failure message="assert 401 == 403&#10; +  where 401 = &lt;Response [401 Unauthorized]&gt;.status_code">E   assert 401 == 403
     +  where 401 = &lt;Response [401 Unauthorized]&gt;.status_code</failure></testcase><testcase classname="tests.unit.logic.backend.sys.test_cases.test_users_api.TestUsersAPI" name="test_list_users_pagination" time="0.008"><failure message="assert 401 == 200&#10; +  where 401 = &lt;Response [401 Unauthorized]&gt;.status_code">E   assert 401 == 200
     +  where 401 = &lt;Response [401 Unauthorized]&gt;.status_code</failure></testcase><testcase classname="tests.integration.logic.backend.sys.test_api_dal_integration.TestAPIDALIntegration" name="test_user_read_through_dal" time="0.409" /><testcase classname="tests.integration.logic.backend.sys.test_api_dal_integration.TestAPIDALIntegration" name="test_session_write_through_dal" time="0.351" /><testcase classname="tests.integration.logic.backend.sys.test_api_dal_integration.TestAPIDALIntegration" name="test_config_read_through_dal" time="0.391" /><testcase classname="tests.integration.logic.backend.sys.test_api_dal_integration.TestAPIDALIntegration" name="test_apps_list_through_dal" time="0.298" /><testcase classname="tests.integration.logic.backend.sys.test_api_dal_integration.TestAPIDALIntegration" name="test_dal_abstraction_no_direct_file_access" time="0.298" /><testcase classname="tests.integration.logic.backend.sys.test_api_dal_integration.TestDataConsistency" name="test_session_cleanup_on_logout" time="0.310" /><testcase classname="tests.integration.logic.backend.sys.test_api_dal_integration.TestDataConsistency" name="test_user_data_not_modified_by_read_api" time="0.363" /><testcase classname="tests.integration.logic.backend.sys.test_app_plugin_mechanism.TestAppPluginMechanism" name="test_app_auto_registration_from_manifest" time="0.439" /><testcase classname="tests.integration.logic.backend.sys.test_app_plugin_mechanism.TestAppPluginMechanism" name="test_app_metadata_from_manifest" time="0.344" /><testcase classname="tests.integration.logic.backend.sys.test_app_plugin_mechanism.TestAppPluginMechanism" name="test_app_enable_disable" time="0.310" /><testcase classname="tests.integration.logic.backend.sys.test_app_plugin_mechanism.TestAppPluginMechanism" name="test_disabled_app_api_not_accessible" time="0.296" /><testcase classname="tests.integration.logic.backend.sys.test_app_plugin_mechanism.TestAppIsolation" name="test_app_data_isolation" time="0.294"><skipped type="pytest.skip" message="TODOアプリのAPI（/api/todo-app/todos）が未実装 - ISSUE-017">/Users/zooaqua/Desktop/repo/websys/tests/integration/logic/backend/sys/test_app_plugin_mechanism.py:109: TODOアプリのAPI（/api/todo-app/todos）が未実装 - ISSUE-017</skipped></testcase><testcase classname="tests.integration.logic.backend.sys.test_app_plugin_mechanism.TestAppIsolation" name="test_app_cannot_access_system_data_directly" time="0.291" /><testcase classname="tests.integration.logic.backend.sys.test_app_plugin_mechanism.TestAppIsolation" name="test_app_uses_system_common_api" time="0.296" /><testcase classname="tests.integration.logic.backend.sys.test_app_plugin_mechanism.TestCrossAppIsolation" name="test_app_a_cannot_access_app_b_data" time="0.296"><skipped type="pytest.skip" message="TODOアプリのAPI（/api/todo-app/todos）が未実装 - ISSUE-017">/Users/zooaqua/Desktop/repo/websys/tests/integration/logic/backend/sys/test_app_plugin_mechanism.py:153: TODOアプリのAPI（/api/todo-app/todos）が未実装 - ISSUE-017</skipped></testcase><testcase classname="tests.integration.logic.backend.sys.test_app_plugin_mechanism.TestCrossAppIsolation" name="test_app_disable_does_not_affect_other_apps" time="0.316" /><testcase classname="tests.integration.logic.backend.sys.test_auth_flow.TestAuthenticationFlow" name="test_login_success" time="0.289" /><testcase classname="tests.integration.logic.backend.sys.test_auth_flow.TestAuthenticationFlow" name="test_login_invalid_credentials" time="0.284" /><testcase classname="tests.integration.logic.backend.sys.test_auth_flow.TestAuthenticationFlow" name="test_login_invalid_username" time="0.014" /><testcase classname="tests.integration.logic.backend.sys.test_auth_flow.TestAuthenticationFlow" name="test_authenticated_api_call" time="0.297" /><testcase classname="tests.integration.logic.backend.sys.test_auth_flow.TestAuthenticationFlow" name="test_unauthenticated_api_call" time="0.060" /><testcase classname="tests.integration.logic.backend.sys.test_auth_flow.TestAuthenticationFlow" name="test_logout" time="0.308" /><testcase classname="tests.integration.logic.backend.sys.test_auth_flow.TestAuthenticationFlow" name="test_session_persistence" time="0.302" /><testcase classname="tests.integration.logic.backend.sys.test_auth_flow.TestRoleBasedAccess" name="test_admin_access_to_admin_api" time="0.301" /><testcase classname="tests.integration.logic.backend.sys.test_auth_flow.TestRoleBasedAccess" name="test_user_cannot_access_admin_api" time="0.299" /><testcase classname="tests.integration.logic.backend.sys.test_auth_flow.TestJWTValidation" name="test_invalid_jwt_token" time="0.012" /><testcase classname="tests.integration.logic.backend.sys.test_auth_flow.TestJWTValidation" name="test_missing_jwt_token" time="0.015" /></testsuite></testsuites>