<?xml version="1.0" encoding="utf-8"?><testsuites><testsuite name="pytest" errors="20" failures="7" skipped="0" tests="27" time="0.586" timestamp="2026-06-02T07:55:26.079741" hostname="zooAquas-iMac.local"><testcase classname="tests.integration.logic.backend.sys.test_api_dal_integration.TestAPIDALIntegration" name="test_user_read_through_dal" time="0.010"><error message="failed on setup with &quot;assert 404 == 200&#10; +  where 404 = &lt;Response [404 Not Found]&gt;.status_code&quot;">tests/integration/logic/backend/sys/conftest.py:101: in authenticated_client
    assert response.status_code == 200
E   assert 404 == 200
E    +  where 404 = &lt;Response [404 Not Found]&gt;.status_code</error></testcase><testcase classname="tests.integration.logic.backend.sys.test_api_dal_integration.TestAPIDALIntegration" name="test_session_write_through_dal" time="0.009"><failure message="assert 404 == 200&#10; +  where 404 = &lt;Response [404 Not Found]&gt;.status_code">tests/integration/logic/backend/sys/test_api_dal_integration.py:42: in test_session_write_through_dal
    assert response.status_code == 200
E   assert 404 == 200
E    +  where 404 = &lt;Response [404 Not Found]&gt;.status_code</failure></testcase><testcase classname="tests.integration.logic.backend.sys.test_api_dal_integration.TestAPIDALIntegration" name="test_config_read_through_dal" time="0.009"><error message="failed on setup with &quot;assert 404 == 200&#10; +  where 404 = &lt;Response [404 Not Found]&gt;.status_code&quot;">tests/integration/logic/backend/sys/conftest.py:101: in authenticated_client
    assert response.status_code == 200
E   assert 404 == 200
E    +  where 404 = &lt;Response [404 Not Found]&gt;.status_code</error></testcase><testcase classname="tests.integration.logic.backend.sys.test_api_dal_integration.TestAPIDALIntegration" name="test_apps_list_through_dal" time="0.009"><error message="failed on setup with &quot;assert 404 == 200&#10; +  where 404 = &lt;Response [404 Not Found]&gt;.status_code&quot;">tests/integration/logic/backend/sys/conftest.py:101: in authenticated_client
    assert response.status_code == 200
E   assert 404 == 200
E    +  where 404 = &lt;Response [404 Not Found]&gt;.status_code</error></testcase><testcase classname="tests.integration.logic.backend.sys.test_api_dal_integration.TestAPIDALIntegration" name="test_dal_abstraction_no_direct_file_access" time="0.010"><error message="failed on setup with &quot;assert 404 == 200&#10; +  where 404 = &lt;Response [404 Not Found]&gt;.status_code&quot;">tests/integration/logic/backend/sys/conftest.py:101: in authenticated_client
    assert response.status_code == 200
E   assert 404 == 200
E    +  where 404 = &lt;Response [404 Not Found]&gt;.status_code</error></testcase><testcase classname="tests.integration.logic.backend.sys.test_api_dal_integration.TestDataConsistency" name="test_session_cleanup_on_logout" time="0.008"><error message="failed on setup with &quot;assert 404 == 200&#10; +  where 404 = &lt;Response [404 Not Found]&gt;.status_code&quot;">tests/integration/logic/backend/sys/conftest.py:101: in authenticated_client
    assert response.status_code == 200
E   assert 404 == 200
E    +  where 404 = &lt;Response [404 Not Found]&gt;.status_code</error></testcase><testcase classname="tests.integration.logic.backend.sys.test_api_dal_integration.TestDataConsistency" name="test_user_data_not_modified_by_read_api" time="0.007"><error message="failed on setup with &quot;assert 404 == 200&#10; +  where 404 = &lt;Response [404 Not Found]&gt;.status_code&quot;">tests/integration/logic/backend/sys/conftest.py:101: in authenticated_client
    assert response.status_code == 200
E   assert 404 == 200
E    +  where 404 = &lt;Response [404 Not Found]&gt;.status_code</error></testcase><testcase classname="tests.integration.logic.backend.sys.test_app_plugin_mechanism.TestAppPluginMechanism" name="test_app_auto_registration_from_manifest" time="0.007"><error message="failed on setup with &quot;assert 404 == 200&#10; +  where 404 = &lt;Response [404 Not Found]&gt;.status_code&quot;">tests/integration/logic/backend/sys/conftest.py:101: in authenticated_client
    assert response.status_code == 200
E   assert 404 == 200
E    +  where 404 = &lt;Response [404 Not Found]&gt;.status_code</error></testcase><testcase classname="tests.integration.logic.backend.sys.test_app_plugin_mechanism.TestAppPluginMechanism" name="test_app_metadata_from_manifest" time="0.006"><error message="failed on setup with &quot;assert 404 == 200&#10; +  where 404 = &lt;Response [404 Not Found]&gt;.status_code&quot;">tests/integration/logic/backend/sys/conftest.py:101: in authenticated_client
    assert response.status_code == 200
E   assert 404 == 200
E    +  where 404 = &lt;Response [404 Not Found]&gt;.status_code</error></testcase><testcase classname="tests.integration.logic.backend.sys.test_app_plugin_mechanism.TestAppPluginMechanism" name="test_app_enable_disable" time="0.007"><error message="failed on setup with &quot;assert 404 == 200&#10; +  where 404 = &lt;Response [404 Not Found]&gt;.status_code&quot;">tests/integration/logic/backend/sys/conftest.py:101: in authenticated_client
    assert response.status_code == 200
E   assert 404 == 200
E    +  where 404 = &lt;Response [404 Not Found]&gt;.status_code</error></testcase><testcase classname="tests.integration.logic.backend.sys.test_app_plugin_mechanism.TestAppPluginMechanism" name="test_disabled_app_api_not_accessible" time="0.007"><error message="failed on setup with &quot;assert 404 == 200&#10; +  where 404 = &lt;Response [404 Not Found]&gt;.status_code&quot;">tests/integration/logic/backend/sys/conftest.py:101: in authenticated_client
    assert response.status_code == 200
E   assert 404 == 200
E    +  where 404 = &lt;Response [404 Not Found]&gt;.status_code</error></testcase><testcase classname="tests.integration.logic.backend.sys.test_app_plugin_mechanism.TestAppIsolation" name="test_app_data_isolation" time="0.006"><error message="failed on setup with &quot;assert 404 == 200&#10; +  where 404 = &lt;Response [404 Not Found]&gt;.status_code&quot;">tests/integration/logic/backend/sys/conftest.py:101: in authenticated_client
    assert response.status_code == 200
E   assert 404 == 200
E    +  where 404 = &lt;Response [404 Not Found]&gt;.status_code</error></testcase><testcase classname="tests.integration.logic.backend.sys.test_app_plugin_mechanism.TestAppIsolation" name="test_app_cannot_access_system_data_directly" time="0.007"><error message="failed on setup with &quot;assert 404 == 200&#10; +  where 404 = &lt;Response [404 Not Found]&gt;.status_code&quot;">tests/integration/logic/backend/sys/conftest.py:101: in authenticated_client
    assert response.status_code == 200
E   assert 404 == 200
E    +  where 404 = &lt;Response [404 Not Found]&gt;.status_code</error></testcase><testcase classname="tests.integration.logic.backend.sys.test_app_plugin_mechanism.TestAppIsolation" name="test_app_uses_system_common_api" time="0.007"><error message="failed on setup with &quot;assert 404 == 200&#10; +  where 404 = &lt;Response [404 Not Found]&gt;.status_code&quot;">tests/integration/logic/backend/sys/conftest.py:101: in authenticated_client
    assert response.status_code == 200
E   assert 404 == 200
E    +  where 404 = &lt;Response [404 Not Found]&gt;.status_code</error></testcase><testcase classname="tests.integration.logic.backend.sys.test_app_plugin_mechanism.TestCrossAppIsolation" name="test_app_a_cannot_access_app_b_data" time="0.006"><error message="failed on setup with &quot;assert 404 == 200&#10; +  where 404 = &lt;Response [404 Not Found]&gt;.status_code&quot;">tests/integration/logic/backend/sys/conftest.py:101: in authenticated_client
    assert response.status_code == 200
E   assert 404 == 200
E    +  where 404 = &lt;Response [404 Not Found]&gt;.status_code</error></testcase><testcase classname="tests.integration.logic.backend.sys.test_app_plugin_mechanism.TestCrossAppIsolation" name="test_app_disable_does_not_affect_other_apps" time="0.006"><error message="failed on setup with &quot;assert 404 == 200&#10; +  where 404 = &lt;Response [404 Not Found]&gt;.status_code&quot;">tests/integration/logic/backend/sys/conftest.py:101: in authenticated_client
    assert response.status_code == 200
E   assert 404 == 200
E    +  where 404 = &lt;Response [404 Not Found]&gt;.status_code</error></testcase><testcase classname="tests.integration.logic.backend.sys.test_auth_flow.TestAuthenticationFlow" name="test_login_success" time="0.007"><failure message="assert 404 == 200&#10; +  where 404 = &lt;Response [404 Not Found]&gt;.status_code">tests/integration/logic/backend/sys/test_auth_flow.py:19: in test_login_success
    assert response.status_code == 200
E   assert 404 == 200
E    +  where 404 = &lt;Response [404 Not Found]&gt;.status_code</failure></testcase><testcase classname="tests.integration.logic.backend.sys.test_auth_flow.TestAuthenticationFlow" name="test_login_invalid_credentials" time="0.007"><failure message="assert 404 == 401&#10; +  where 404 = &lt;Response [404 Not Found]&gt;.status_code">tests/integration/logic/backend/sys/test_auth_flow.py:36: in test_login_invalid_credentials
    assert response.status_code == 401
E   assert 404 == 401
E    +  where 404 = &lt;Response [404 Not Found]&gt;.status_code</failure></testcase><testcase classname="tests.integration.logic.backend.sys.test_auth_flow.TestAuthenticationFlow" name="test_login_invalid_username" time="0.007"><failure message="assert 404 == 401&#10; +  where 404 = &lt;Response [404 Not Found]&gt;.status_code">tests/integration/logic/backend/sys/test_auth_flow.py:48: in test_login_invalid_username
    assert response.status_code == 401
E   assert 404 == 401
E    +  where 404 = &lt;Response [404 Not Found]&gt;.status_code</failure></testcase><testcase classname="tests.integration.logic.backend.sys.test_auth_flow.TestAuthenticationFlow" name="test_authenticated_api_call" time="0.009"><error message="failed on setup with &quot;assert 404 == 200&#10; +  where 404 = &lt;Response [404 Not Found]&gt;.status_code&quot;">tests/integration/logic/backend/sys/conftest.py:101: in authenticated_client
    assert response.status_code == 200
E   assert 404 == 200
E    +  where 404 = &lt;Response [404 Not Found]&gt;.status_code</error></testcase><testcase classname="tests.integration.logic.backend.sys.test_auth_flow.TestAuthenticationFlow" name="test_unauthenticated_api_call" time="0.008"><failure message="assert 404 == 401&#10; +  where 404 = &lt;Response [404 Not Found]&gt;.status_code">tests/integration/logic/backend/sys/test_auth_flow.py:67: in test_unauthenticated_api_call
    assert response.status_code == 401
E   assert 404 == 401
E    +  where 404 = &lt;Response [404 Not Found]&gt;.status_code</failure></testcase><testcase classname="tests.integration.logic.backend.sys.test_auth_flow.TestAuthenticationFlow" name="test_logout" time="0.009"><error message="failed on setup with &quot;assert 404 == 200&#10; +  where 404 = &lt;Response [404 Not Found]&gt;.status_code&quot;">tests/integration/logic/backend/sys/conftest.py:101: in authenticated_client
    assert response.status_code == 200
E   assert 404 == 200
E    +  where 404 = &lt;Response [404 Not Found]&gt;.status_code</error></testcase><testcase classname="tests.integration.logic.backend.sys.test_auth_flow.TestAuthenticationFlow" name="test_session_persistence" time="0.009"><error message="failed on setup with &quot;assert 404 == 200&#10; +  where 404 = &lt;Response [404 Not Found]&gt;.status_code&quot;">tests/integration/logic/backend/sys/conftest.py:101: in authenticated_client
    assert response.status_code == 200
E   assert 404 == 200
E    +  where 404 = &lt;Response [404 Not Found]&gt;.status_code</error></testcase><testcase classname="tests.integration.logic.backend.sys.test_auth_flow.TestRoleBasedAccess" name="test_admin_access_to_admin_api" time="0.008"><error message="failed on setup with &quot;assert 404 == 200&#10; +  where 404 = &lt;Response [404 Not Found]&gt;.status_code&quot;">tests/integration/logic/backend/sys/conftest.py:101: in authenticated_client
    assert response.status_code == 200
E   assert 404 == 200
E    +  where 404 = &lt;Response [404 Not Found]&gt;.status_code</error></testcase><testcase classname="tests.integration.logic.backend.sys.test_auth_flow.TestRoleBasedAccess" name="test_user_cannot_access_admin_api" time="0.008"><error message="failed on setup with &quot;assert 404 == 200&#10; +  where 404 = &lt;Response [404 Not Found]&gt;.status_code&quot;">tests/integration/logic/backend/sys/conftest.py:120: in authenticated_user_client
    assert response.status_code == 200
E   assert 404 == 200
E    +  where 404 = &lt;Response [404 Not Found]&gt;.status_code</error></testcase><testcase classname="tests.integration.logic.backend.sys.test_auth_flow.TestJWTValidation" name="test_invalid_jwt_token" time="0.009"><failure message="assert 404 == 401&#10; +  where 404 = &lt;Response [404 Not Found]&gt;.status_code">tests/integration/logic/backend/sys/test_auth_flow.py:150: in test_invalid_jwt_token
    assert response.status_code == 401
E   assert 404 == 401
E    +  where 404 = &lt;Response [404 Not Found]&gt;.status_code</failure></testcase><testcase classname="tests.integration.logic.backend.sys.test_auth_flow.TestJWTValidation" name="test_missing_jwt_token" time="0.008"><failure message="assert 404 == 401&#10; +  where 404 = &lt;Response [404 Not Found]&gt;.status_code">tests/integration/logic/backend/sys/test_auth_flow.py:159: in test_missing_jwt_token
    assert response.status_code == 401
E   assert 404 == 401
E    +  where 404 = &lt;Response [404 Not Found]&gt;.status_code</failure></testcase></testsuite></testsuites>