<?xml version="1.0" encoding="utf-8"?><testsuites><testsuite name="pytest" errors="0" failures="0" skipped="2" tests="27" time="8.293" timestamp="2026-06-02T09:01:20.616796" hostname="zooAquas-iMac.local"><testcase classname="tests.integration.logic.backend.sys.test_api_dal_integration.TestAPIDALIntegration" name="test_user_read_through_dal" time="0.556" /><testcase classname="tests.integration.logic.backend.sys.test_api_dal_integration.TestAPIDALIntegration" name="test_session_write_through_dal" time="0.286" /><testcase classname="tests.integration.logic.backend.sys.test_api_dal_integration.TestAPIDALIntegration" name="test_config_read_through_dal" time="0.302" /><testcase classname="tests.integration.logic.backend.sys.test_api_dal_integration.TestAPIDALIntegration" name="test_apps_list_through_dal" time="0.331" /><testcase classname="tests.integration.logic.backend.sys.test_api_dal_integration.TestAPIDALIntegration" name="test_dal_abstraction_no_direct_file_access" time="0.298" /><testcase classname="tests.integration.logic.backend.sys.test_api_dal_integration.TestDataConsistency" name="test_session_cleanup_on_logout" time="0.302" /><testcase classname="tests.integration.logic.backend.sys.test_api_dal_integration.TestDataConsistency" name="test_user_data_not_modified_by_read_api" time="0.295" /><testcase classname="tests.integration.logic.backend.sys.test_app_plugin_mechanism.TestAppPluginMechanism" name="test_app_auto_registration_from_manifest" time="0.295" /><testcase classname="tests.integration.logic.backend.sys.test_app_plugin_mechanism.TestAppPluginMechanism" name="test_app_metadata_from_manifest" time="0.295" /><testcase classname="tests.integration.logic.backend.sys.test_app_plugin_mechanism.TestAppPluginMechanism" name="test_app_enable_disable" time="0.313" /><testcase classname="tests.integration.logic.backend.sys.test_app_plugin_mechanism.TestAppPluginMechanism" name="test_disabled_app_api_not_accessible" time="0.301" /><testcase classname="tests.integration.logic.backend.sys.test_app_plugin_mechanism.TestAppIsolation" name="test_app_data_isolation" time="0.321"><skipped type="pytest.skip" message="TODOアプリのAPI（/api/todo-app/todos）が未実装 - ISSUE-017">/Users/zooaqua/Desktop/repo/websys/tests/integration/logic/backend/sys/test_app_plugin_mechanism.py:109: TODOアプリのAPI（/api/todo-app/todos）が未実装 - ISSUE-017</skipped></testcase><testcase classname="tests.integration.logic.backend.sys.test_app_plugin_mechanism.TestAppIsolation" name="test_app_cannot_access_system_data_directly" time="0.291" /><testcase classname="tests.integration.logic.backend.sys.test_app_plugin_mechanism.TestAppIsolation" name="test_app_uses_system_common_api" time="0.310" /><testcase classname="tests.integration.logic.backend.sys.test_app_plugin_mechanism.TestCrossAppIsolation" name="test_app_a_cannot_access_app_b_data" time="0.294"><skipped type="pytest.skip" message="TODOアプリのAPI（/api/todo-app/todos）が未実装 - ISSUE-017">/Users/zooaqua/Desktop/repo/websys/tests/integration/logic/backend/sys/test_app_plugin_mechanism.py:153: TODOアプリのAPI（/api/todo-app/todos）が未実装 - ISSUE-017</skipped></testcase><testcase classname="tests.integration.logic.backend.sys.test_app_plugin_mechanism.TestCrossAppIsolation" name="test_app_disable_does_not_affect_other_apps" time="0.352" /><testcase classname="tests.integration.logic.backend.sys.test_auth_flow.TestAuthenticationFlow" name="test_login_success" time="0.423" /><testcase classname="tests.integration.logic.backend.sys.test_auth_flow.TestAuthenticationFlow" name="test_login_invalid_credentials" time="0.288" /><testcase classname="tests.integration.logic.backend.sys.test_auth_flow.TestAuthenticationFlow" name="test_login_invalid_username" time="0.014" /><testcase classname="tests.integration.logic.backend.sys.test_auth_flow.TestAuthenticationFlow" name="test_authenticated_api_call" time="0.294" /><testcase classname="tests.integration.logic.backend.sys.test_auth_flow.TestAuthenticationFlow" name="test_unauthenticated_api_call" time="0.014" /><testcase classname="tests.integration.logic.backend.sys.test_auth_flow.TestAuthenticationFlow" name="test_logout" time="0.429" /><testcase classname="tests.integration.logic.backend.sys.test_auth_flow.TestAuthenticationFlow" name="test_session_persistence" time="0.300" /><testcase classname="tests.integration.logic.backend.sys.test_auth_flow.TestRoleBasedAccess" name="test_admin_access_to_admin_api" time="0.298" /><testcase classname="tests.integration.logic.backend.sys.test_auth_flow.TestRoleBasedAccess" name="test_user_cannot_access_admin_api" time="0.296" /><testcase classname="tests.integration.logic.backend.sys.test_auth_flow.TestJWTValidation" name="test_invalid_jwt_token" time="0.015" /><testcase classname="tests.integration.logic.backend.sys.test_auth_flow.TestJWTValidation" name="test_missing_jwt_token" time="0.015" /></testsuite></testsuites>