{"/Users/zooaqua/Desktop/repo/websys/project/frontend/src/sys/api/apps.ts": {"path":"/Users/zooaqua/Desktop/repo/websys/project/frontend/src/sys/api/apps.ts","statementMap":{"0":{"start":{"line":20,"column":17},"end":{"line":20,"column":null}},"1":{"start":{"line":21,"column":2},"end":{"line":21,"column":null}},"2":{"start":{"line":21,"column":29},"end":{"line":21,"column":null}},"3":{"start":{"line":23,"column":2},"end":{"line":23,"column":null}},"4":{"start":{"line":27,"column":2},"end":{"line":27,"column":null}},"5":{"start":{"line":31,"column":2},"end":{"line":31,"column":null}},"6":{"start":{"line":35,"column":2},"end":{"line":35,"column":null}},"7":{"start":{"line":39,"column":2},"end":{"line":39,"column":null}}},"fnMap":{"0":{"name":"listApps","decl":{"start":{"line":19,"column":22},"end":{"line":19,"column":31}},"loc":{"start":{"line":19,"column":66},"end":{"line":24,"column":null}},"line":19},"1":{"name":"getApp","decl":{"start":{"line":26,"column":22},"end":{"line":26,"column":29}},"loc":{"start":{"line":26,"column":58},"end":{"line":28,"column":null}},"line":26},"2":{"name":"scanApps","decl":{"start":{"line":30,"column":22},"end":{"line":30,"column":94}},"loc":{"start":{"line":30,"column":94},"end":{"line":32,"column":null}},"line":30},"3":{"name":"enableApp","decl":{"start":{"line":34,"column":22},"end":{"line":34,"column":32}},"loc":{"start":{"line":34,"column":62},"end":{"line":36,"column":null}},"line":34},"4":{"name":"disableApp","decl":{"start":{"line":38,"column":22},"end":{"line":38,"column":33}},"loc":{"start":{"line":38,"column":63},"end":{"line":40,"column":null}},"line":38}},"branchMap":{"0":{"loc":{"start":{"line":21,"column":2},"end":{"line":21,"column":null}},"type":"if","locations":[{"start":{"line":21,"column":2},"end":{"line":21,"column":null}},{"start":{},"end":{}}],"line":21}},"s":{"0":0,"1":0,"2":0,"3":0,"4":0,"5":0,"6":0,"7":0},"f":{"0":0,"1":0,"2":0,"3":0,"4":0},"b":{"0":[0,0]},"meta":{"lastBranch":1,"lastFunction":5,"lastStatement":8,"seen":{"f:19:22:19:31":0,"s:20:17:20:Infinity":0,"b:21:2:21:Infinity:undefined:undefined:undefined:undefined":0,"s:21:2:21:Infinity":1,"s:21:29:21:Infinity":2,"s:23:2:23:Infinity":3,"f:26:22:26:29":1,"s:27:2:27:Infinity":4,"f:30:22:30:94":2,"s:31:2:31:Infinity":5,"f:34:22:34:32":3,"s:35:2:35:Infinity":6,"f:38:22:38:33":4,"s:39:2:39:Infinity":7}}}
,"/Users/zooaqua/Desktop/repo/websys/project/frontend/src/sys/api/auth.ts": {"path":"/Users/zooaqua/Desktop/repo/websys/project/frontend/src/sys/api/auth.ts","statementMap":{"0":{"start":{"line":27,"column":19},"end":{"line":30,"column":null}},"1":{"start":{"line":31,"column":2},"end":{"line":31,"column":null}},"2":{"start":{"line":35,"column":2},"end":{"line":35,"column":null}},"3":{"start":{"line":39,"column":2},"end":{"line":39,"column":null}},"4":{"start":{"line":43,"column":2},"end":{"line":46,"column":null}}},"fnMap":{"0":{"name":"login","decl":{"start":{"line":26,"column":22},"end":{"line":26,"column":28}},"loc":{"start":{"line":26,"column":79},"end":{"line":32,"column":null}},"line":26},"1":{"name":"logout","decl":{"start":{"line":34,"column":22},"end":{"line":34,"column":46}},"loc":{"start":{"line":34,"column":46},"end":{"line":36,"column":null}},"line":34},"2":{"name":"getMe","decl":{"start":{"line":38,"column":22},"end":{"line":38,"column":45}},"loc":{"start":{"line":38,"column":45},"end":{"line":40,"column":null}},"line":38},"3":{"name":"changePassword","decl":{"start":{"line":42,"column":22},"end":{"line":42,"column":37}},"loc":{"start":{"line":42,"column":98},"end":{"line":47,"column":null}},"line":42}},"branchMap":{},"s":{"0":0,"1":0,"2":0,"3":0,"4":0},"f":{"0":0,"1":0,"2":0,"3":0},"b":{},"meta":{"lastBranch":0,"lastFunction":4,"lastStatement":5,"seen":{"f:26:22:26:28":0,"s:27:19:30:Infinity":0,"s:31:2:31:Infinity":1,"f:34:22:34:46":1,"s:35:2:35:Infinity":2,"f:38:22:38:45":2,"s:39:2:39:Infinity":3,"f:42:22:42:37":3,"s:43:2:46:Infinity":4}}}
,"/Users/zooaqua/Desktop/repo/websys/project/frontend/src/sys/api/notifications.ts": {"path":"/Users/zooaqua/Desktop/repo/websys/project/frontend/src/sys/api/notifications.ts","statementMap":{"0":{"start":{"line":50,"column":17},"end":{"line":53,"column":null}},"1":{"start":{"line":55,"column":2},"end":{"line":57,"column":null}},"2":{"start":{"line":56,"column":4},"end":{"line":56,"column":null}},"3":{"start":{"line":59,"column":2},"end":{"line":59,"column":null}},"4":{"start":{"line":68,"column":2},"end":{"line":68,"column":null}},"5":{"start":{"line":77,"column":2},"end":{"line":77,"column":null}},"6":{"start":{"line":84,"column":2},"end":{"line":84,"column":null}},"7":{"start":{"line":96,"column":22},"end":{"line":98,"column":null}},"8":{"start":{"line":100,"column":2},"end":{"line":107,"column":null}},"9":{"start":{"line":101,"column":4},"end":{"line":106,"column":null}},"10":{"start":{"line":102,"column":41},"end":{"line":102,"column":null}},"11":{"start":{"line":103,"column":6},"end":{"line":103,"column":null}},"12":{"start":{"line":105,"column":6},"end":{"line":105,"column":null}},"13":{"start":{"line":109,"column":2},"end":{"line":112,"column":null}},"14":{"start":{"line":110,"column":4},"end":{"line":110,"column":null}},"15":{"start":{"line":114,"column":2},"end":{"line":114,"column":null}},"16":{"start":{"line":123,"column":2},"end":{"line":125,"column":null}},"17":{"start":{"line":124,"column":4},"end":{"line":124,"column":null}}},"fnMap":{"0":{"name":"getNotifications","decl":{"start":{"line":45,"column":22},"end":{"line":45,"column":null}},"loc":{"start":{"line":49,"column":34},"end":{"line":60,"column":null}},"line":49},"1":{"name":"markNotificationAsRead","decl":{"start":{"line":67,"column":22},"end":{"line":67,"column":45}},"loc":{"start":{"line":67,"column":84},"end":{"line":69,"column":null}},"line":67},"2":{"name":"deleteNotification","decl":{"start":{"line":76,"column":22},"end":{"line":76,"column":41}},"loc":{"start":{"line":76,"column":80},"end":{"line":78,"column":null}},"line":76},"3":{"name":"markAllNotificationsAsRead","decl":{"start":{"line":83,"column":22},"end":{"line":83,"column":66}},"loc":{"start":{"line":83,"column":66},"end":{"line":85,"column":null}},"line":83},"4":{"name":"subscribeToNotifications","decl":{"start":{"line":93,"column":16},"end":{"line":93,"column":null}},"loc":{"start":{"line":95,"column":15},"end":{"line":115,"column":null}},"line":95},"5":{"name":"(anonymous_5)","decl":{"start":{"line":100,"column":14},"end":{"line":100,"column":27}},"loc":{"start":{"line":100,"column":37},"end":{"line":107,"column":null}},"line":100},"6":{"name":"(anonymous_6)","decl":{"start":{"line":109,"column":14},"end":{"line":109,"column":25}},"loc":{"start":{"line":109,"column":35},"end":{"line":112,"column":null}},"line":109},"7":{"name":"unsubscribeFromNotifications","decl":{"start":{"line":122,"column":16},"end":{"line":122,"column":45}},"loc":{"start":{"line":122,"column":77},"end":{"line":126,"column":null}},"line":122}},"branchMap":{"0":{"loc":{"start":{"line":46,"column":2},"end":{"line":46,"column":null}},"type":"default-arg","locations":[{"start":{"line":46,"column":15},"end":{"line":46,"column":null}}],"line":46},"1":{"loc":{"start":{"line":47,"column":2},"end":{"line":47,"column":null}},"type":"default-arg","locations":[{"start":{"line":47,"column":10},"end":{"line":47,"column":null}}],"line":47},"2":{"loc":{"start":{"line":48,"column":2},"end":{"line":48,"column":null}},"type":"default-arg","locations":[{"start":{"line":48,"column":11},"end":{"line":48,"column":null}}],"line":48},"3":{"loc":{"start":{"line":55,"column":2},"end":{"line":57,"column":null}},"type":"if","locations":[{"start":{"line":55,"column":2},"end":{"line":57,"column":null}},{"start":{},"end":{}}],"line":55},"4":{"loc":{"start":{"line":123,"column":2},"end":{"line":125,"column":null}},"type":"if","locations":[{"start":{"line":123,"column":2},"end":{"line":125,"column":null}},{"start":{},"end":{}}],"line":123}},"s":{"0":0,"1":0,"2":0,"3":0,"4":0,"5":0,"6":0,"7":0,"8":0,"9":0,"10":0,"11":0,"12":0,"13":0,"14":0,"15":0,"16":0,"17":0},"f":{"0":0,"1":0,"2":0,"3":0,"4":0,"5":0,"6":0,"7":0},"b":{"0":[0],"1":[0],"2":[0],"3":[0,0],"4":[0,0]},"meta":{"lastBranch":5,"lastFunction":8,"lastStatement":18,"seen":{"f:45:22:45:Infinity":0,"b:46:15:46:Infinity":0,"b:47:10:47:Infinity":1,"b:48:11:48:Infinity":2,"s:50:17:53:Infinity":0,"b:55:2:57:Infinity:undefined:undefined:undefined:undefined":3,"s:55:2:57:Infinity":1,"s:56:4:56:Infinity":2,"s:59:2:59:Infinity":3,"f:67:22:67:45":1,"s:68:2:68:Infinity":4,"f:76:22:76:41":2,"s:77:2:77:Infinity":5,"f:83:22:83:66":3,"s:84:2:84:Infinity":6,"f:93:16:93:Infinity":4,"s:96:22:98:Infinity":7,"s:100:2:107:Infinity":8,"f:100:14:100:27":5,"s:101:4:106:Infinity":9,"s:102:41:102:Infinity":10,"s:103:6:103:Infinity":11,"s:105:6:105:Infinity":12,"s:109:2:112:Infinity":13,"f:109:14:109:25":6,"s:110:4:110:Infinity":14,"s:114:2:114:Infinity":15,"f:122:16:122:45":7,"b:123:2:125:Infinity:undefined:undefined:undefined:undefined":4,"s:123:2:125:Infinity":16,"s:124:4:124:Infinity":17}}}
,"/Users/zooaqua/Desktop/repo/websys/project/frontend/src/sys/api/users.ts": {"path":"/Users/zooaqua/Desktop/repo/websys/project/frontend/src/sys/api/users.ts","statementMap":{"0":{"start":{"line":24,"column":17},"end":{"line":24,"column":null}},"1":{"start":{"line":25,"column":2},"end":{"line":25,"column":null}},"2":{"start":{"line":25,"column":12},"end":{"line":25,"column":null}},"3":{"start":{"line":26,"column":2},"end":{"line":26,"column":null}},"4":{"start":{"line":27,"column":2},"end":{"line":27,"column":null}},"5":{"start":{"line":29,"column":2},"end":{"line":29,"column":null}},"6":{"start":{"line":33,"column":2},"end":{"line":33,"column":null}},"7":{"start":{"line":37,"column":2},"end":{"line":37,"column":null}},"8":{"start":{"line":41,"column":2},"end":{"line":41,"column":null}}},"fnMap":{"0":{"name":"listUsers","decl":{"start":{"line":23,"column":22},"end":{"line":23,"column":32}},"loc":{"start":{"line":23,"column":99},"end":{"line":30,"column":null}},"line":23},"1":{"name":"getUser","decl":{"start":{"line":32,"column":22},"end":{"line":32,"column":30}},"loc":{"start":{"line":32,"column":61},"end":{"line":34,"column":null}},"line":32},"2":{"name":"createUser","decl":{"start":{"line":36,"column":22},"end":{"line":36,"column":33}},"loc":{"start":{"line":36,"column":66},"end":{"line":38,"column":null}},"line":36},"3":{"name":"deleteUser","decl":{"start":{"line":40,"column":22},"end":{"line":40,"column":33}},"loc":{"start":{"line":40,"column":64},"end":{"line":42,"column":null}},"line":40}},"branchMap":{"0":{"loc":{"start":{"line":23,"column":47},"end":{"line":23,"column":60}},"type":"default-arg","locations":[{"start":{"line":23,"column":55},"end":{"line":23,"column":60}}],"line":23},"1":{"loc":{"start":{"line":23,"column":60},"end":{"line":23,"column":99}},"type":"default-arg","locations":[{"start":{"line":23,"column":69},"end":{"line":23,"column":99}}],"line":23},"2":{"loc":{"start":{"line":25,"column":2},"end":{"line":25,"column":null}},"type":"if","locations":[{"start":{"line":25,"column":2},"end":{"line":25,"column":null}},{"start":{},"end":{}}],"line":25}},"s":{"0":0,"1":0,"2":0,"3":0,"4":0,"5":0,"6":0,"7":0,"8":0},"f":{"0":0,"1":0,"2":0,"3":0},"b":{"0":[0],"1":[0],"2":[0,0]},"meta":{"lastBranch":3,"lastFunction":4,"lastStatement":9,"seen":{"f:23:22:23:32":0,"b:23:55:23:60":0,"b:23:69:23:99":1,"s:24:17:24:Infinity":0,"b:25:2:25:Infinity:undefined:undefined:undefined:undefined":2,"s:25:2:25:Infinity":1,"s:25:12:25:Infinity":2,"s:26:2:26:Infinity":3,"s:27:2:27:Infinity":4,"s:29:2:29:Infinity":5,"f:32:22:32:30":1,"s:33:2:33:Infinity":6,"f:36:22:36:33":2,"s:37:2:37:Infinity":7,"f:40:22:40:33":3,"s:41:2:41:Infinity":8}}}
,"/Users/zooaqua/Desktop/repo/websys/project/frontend/src/sys/components/header.ts": {"path":"/Users/zooaqua/Desktop/repo/websys/project/frontend/src/sys/components/header.ts","statementMap":{"0":{"start":{"line":7,"column":22},"end":{"line":27,"column":null}},"1":{"start":{"line":11,"column":4},"end":{"line":15,"column":null}},"2":{"start":{"line":12,"column":6},"end":{"line":12,"column":null}},"3":{"start":{"line":14,"column":6},"end":{"line":14,"column":null}},"4":{"start":{"line":19,"column":4},"end":{"line":25,"column":null}},"5":{"start":{"line":20,"column":6},"end":{"line":20,"column":null}},"6":{"start":{"line":21,"column":6},"end":{"line":21,"column":null}},"7":{"start":{"line":22,"column":6},"end":{"line":22,"column":null}},"8":{"start":{"line":24,"column":6},"end":{"line":24,"column":null}}},"fnMap":{"0":{"name":"(anonymous_0)","decl":{"start":{"line":7,"column":0},"end":{"line":7,"column":22}},"loc":{"start":{"line":7,"column":22},"end":{"line":27,"column":null}},"line":7},"1":{"name":"(anonymous_1)","decl":{"start":{"line":10,"column":8},"end":{"line":10,"column":15}},"loc":{"start":{"line":10,"column":15},"end":{"line":16,"column":null}},"line":10},"2":{"name":"(anonymous_2)","decl":{"start":{"line":18,"column":8},"end":{"line":18,"column":17}},"loc":{"start":{"line":18,"column":17},"end":{"line":26,"column":null}},"line":18}},"branchMap":{},"s":{"0":0,"1":0,"2":0,"3":0,"4":0,"5":0,"6":0,"7":0,"8":0},"f":{"0":0,"1":0,"2":0},"b":{},"meta":{"lastBranch":0,"lastFunction":3,"lastStatement":9,"seen":{"f:7:0:7:22":0,"s:7:22:27:Infinity":0,"f:10:8:10:15":1,"s:11:4:15:Infinity":1,"s:12:6:12:Infinity":2,"s:14:6:14:Infinity":3,"f:18:8:18:17":2,"s:19:4:25:Infinity":4,"s:20:6:20:Infinity":5,"s:21:6:21:Infinity":6,"s:22:6:22:Infinity":7,"s:24:6:24:Infinity":8}}}
,"/Users/zooaqua/Desktop/repo/websys/project/frontend/src/sys/components/navigation.ts": {"path":"/Users/zooaqua/Desktop/repo/websys/project/frontend/src/sys/components/navigation.ts","statementMap":{"0":{"start":{"line":9,"column":22},"end":{"line":31,"column":null}},"1":{"start":{"line":15,"column":4},"end":{"line":24,"column":null}},"2":{"start":{"line":16,"column":25},"end":{"line":16,"column":null}},"3":{"start":{"line":17,"column":6},"end":{"line":17,"column":null}},"4":{"start":{"line":18,"column":6},"end":{"line":18,"column":null}},"5":{"start":{"line":21,"column":6},"end":{"line":21,"column":null}},"6":{"start":{"line":23,"column":6},"end":{"line":23,"column":null}},"7":{"start":{"line":29,"column":4},"end":{"line":29,"column":null}}},"fnMap":{"0":{"name":"(anonymous_0)","decl":{"start":{"line":9,"column":0},"end":{"line":9,"column":22}},"loc":{"start":{"line":9,"column":22},"end":{"line":31,"column":null}},"line":9},"1":{"name":"(anonymous_1)","decl":{"start":{"line":14,"column":8},"end":{"line":14,"column":15}},"loc":{"start":{"line":14,"column":15},"end":{"line":25,"column":null}},"line":14},"2":{"name":"(anonymous_2)","decl":{"start":{"line":27,"column":2},"end":{"line":27,"column":11}},"loc":{"start":{"line":27,"column":25},"end":{"line":30,"column":null}},"line":27}},"branchMap":{},"s":{"0":0,"1":0,"2":0,"3":0,"4":0,"5":0,"6":0,"7":0},"f":{"0":0,"1":0,"2":0},"b":{},"meta":{"lastBranch":0,"lastFunction":3,"lastStatement":8,"seen":{"f:9:0:9:22":0,"s:9:22:31:Infinity":0,"f:14:8:14:15":1,"s:15:4:24:Infinity":1,"s:16:25:16:Infinity":2,"s:17:6:17:Infinity":3,"s:18:6:18:Infinity":4,"s:21:6:21:Infinity":5,"s:23:6:23:Infinity":6,"f:27:2:27:11":2,"s:29:4:29:Infinity":7}}}
,"/Users/zooaqua/Desktop/repo/websys/project/frontend/src/sys/pages/apps.ts": {"path":"/Users/zooaqua/Desktop/repo/websys/project/frontend/src/sys/pages/apps.ts","statementMap":{"0":{"start":{"line":8,"column":22},"end":{"line":58,"column":null}},"1":{"start":{"line":15,"column":4},"end":{"line":25,"column":null}},"2":{"start":{"line":16,"column":26},"end":{"line":16,"column":null}},"3":{"start":{"line":17,"column":6},"end":{"line":17,"column":null}},"4":{"start":{"line":18,"column":6},"end":{"line":18,"column":null}},"5":{"start":{"line":20,"column":6},"end":{"line":22,"column":null}},"6":{"start":{"line":21,"column":8},"end":{"line":21,"column":null}},"7":{"start":{"line":24,"column":6},"end":{"line":24,"column":null}},"8":{"start":{"line":29,"column":4},"end":{"line":33,"column":null}},"9":{"start":{"line":30,"column":6},"end":{"line":30,"column":null}},"10":{"start":{"line":32,"column":6},"end":{"line":32,"column":null}},"11":{"start":{"line":37,"column":4},"end":{"line":43,"column":null}},"12":{"start":{"line":38,"column":21},"end":{"line":38,"column":null}},"13":{"start":{"line":39,"column":6},"end":{"line":39,"column":null}},"14":{"start":{"line":40,"column":6},"end":{"line":40,"column":null}},"15":{"start":{"line":42,"column":6},"end":{"line":42,"column":null}},"16":{"start":{"line":47,"column":4},"end":{"line":56,"column":null}},"17":{"start":{"line":48,"column":6},"end":{"line":52,"column":null}},"18":{"start":{"line":49,"column":8},"end":{"line":49,"column":null}},"19":{"start":{"line":51,"column":8},"end":{"line":51,"column":null}},"20":{"start":{"line":53,"column":6},"end":{"line":53,"column":null}},"21":{"start":{"line":55,"column":6},"end":{"line":55,"column":null}}},"fnMap":{"0":{"name":"(anonymous_0)","decl":{"start":{"line":8,"column":0},"end":{"line":8,"column":22}},"loc":{"start":{"line":8,"column":22},"end":{"line":58,"column":null}},"line":8},"1":{"name":"(anonymous_1)","decl":{"start":{"line":14,"column":8},"end":{"line":14,"column":15}},"loc":{"start":{"line":14,"column":15},"end":{"line":26,"column":null}},"line":14},"2":{"name":"(anonymous_2)","decl":{"start":{"line":28,"column":8},"end":{"line":28,"column":19}},"loc":{"start":{"line":28,"column":19},"end":{"line":34,"column":null}},"line":28},"3":{"name":"(anonymous_3)","decl":{"start":{"line":36,"column":8},"end":{"line":36,"column":19}},"loc":{"start":{"line":36,"column":19},"end":{"line":44,"column":null}},"line":36},"4":{"name":"(anonymous_4)","decl":{"start":{"line":46,"column":8},"end":{"line":46,"column":18}},"loc":{"start":{"line":46,"column":60},"end":{"line":57,"column":null}},"line":46}},"branchMap":{"0":{"loc":{"start":{"line":20,"column":6},"end":{"line":22,"column":null}},"type":"if","locations":[{"start":{"line":20,"column":6},"end":{"line":22,"column":null}},{"start":{},"end":{}}],"line":20},"1":{"loc":{"start":{"line":48,"column":6},"end":{"line":52,"column":null}},"type":"if","locations":[{"start":{"line":48,"column":6},"end":{"line":52,"column":null}},{"start":{"line":50,"column":13},"end":{"line":52,"column":null}}],"line":48}},"s":{"0":0,"1":0,"2":0,"3":0,"4":0,"5":0,"6":0,"7":0,"8":0,"9":0,"10":0,"11":0,"12":0,"13":0,"14":0,"15":0,"16":0,"17":0,"18":0,"19":0,"20":0,"21":0},"f":{"0":0,"1":0,"2":0,"3":0,"4":0},"b":{"0":[0,0],"1":[0,0]},"meta":{"lastBranch":2,"lastFunction":5,"lastStatement":22,"seen":{"f:8:0:8:22":0,"s:8:22:58:Infinity":0,"f:14:8:14:15":1,"s:15:4:25:Infinity":1,"s:16:26:16:Infinity":2,"s:17:6:17:Infinity":3,"s:18:6:18:Infinity":4,"b:20:6:22:Infinity:undefined:undefined:undefined:undefined":0,"s:20:6:22:Infinity":5,"s:21:8:21:Infinity":6,"s:24:6:24:Infinity":7,"f:28:8:28:19":2,"s:29:4:33:Infinity":8,"s:30:6:30:Infinity":9,"s:32:6:32:Infinity":10,"f:36:8:36:19":3,"s:37:4:43:Infinity":11,"s:38:21:38:Infinity":12,"s:39:6:39:Infinity":13,"s:40:6:40:Infinity":14,"s:42:6:42:Infinity":15,"f:46:8:46:18":4,"s:47:4:56:Infinity":16,"b:48:6:52:Infinity:50:13:52:Infinity":1,"s:48:6:52:Infinity":17,"s:49:8:49:Infinity":18,"s:51:8:51:Infinity":19,"s:53:6:53:Infinity":20,"s:55:6:55:Infinity":21}}}
,"/Users/zooaqua/Desktop/repo/websys/project/frontend/src/sys/pages/login.ts": {"path":"/Users/zooaqua/Desktop/repo/websys/project/frontend/src/sys/pages/login.ts","statementMap":{"0":{"start":{"line":6,"column":22},"end":{"line":22,"column":null}},"1":{"start":{"line":13,"column":4},"end":{"line":20,"column":null}},"2":{"start":{"line":14,"column":6},"end":{"line":14,"column":null}},"3":{"start":{"line":15,"column":6},"end":{"line":15,"column":null}},"4":{"start":{"line":16,"column":6},"end":{"line":16,"column":null}},"5":{"start":{"line":17,"column":6},"end":{"line":17,"column":null}},"6":{"start":{"line":19,"column":6},"end":{"line":19,"column":null}}},"fnMap":{"0":{"name":"(anonymous_0)","decl":{"start":{"line":6,"column":0},"end":{"line":6,"column":22}},"loc":{"start":{"line":6,"column":22},"end":{"line":22,"column":null}},"line":6},"1":{"name":"(anonymous_1)","decl":{"start":{"line":12,"column":8},"end":{"line":12,"column":16}},"loc":{"start":{"line":12,"column":16},"end":{"line":21,"column":null}},"line":12}},"branchMap":{"0":{"loc":{"start":{"line":19,"column":19},"end":{"line":19,"column":null}},"type":"cond-expr","locations":[{"start":{"line":19,"column":44},"end":{"line":19,"column":60}},{"start":{"line":19,"column":60},"end":{"line":19,"column":null}}],"line":19}},"s":{"0":0,"1":0,"2":0,"3":0,"4":0,"5":0,"6":0},"f":{"0":0,"1":0},"b":{"0":[0,0]},"meta":{"lastBranch":1,"lastFunction":2,"lastStatement":7,"seen":{"f:6:0:6:22":0,"s:6:22:22:Infinity":0,"f:12:8:12:16":1,"s:13:4:20:Infinity":1,"s:14:6:14:Infinity":2,"s:15:6:15:Infinity":3,"s:16:6:16:Infinity":4,"s:17:6:17:Infinity":5,"s:19:6:19:Infinity":6,"b:19:44:19:60:19:60:19:Infinity":0}}}
,"/Users/zooaqua/Desktop/repo/websys/project/frontend/src/sys/pages/portal.ts": {"path":"/Users/zooaqua/Desktop/repo/websys/project/frontend/src/sys/pages/portal.ts","statementMap":{"0":{"start":{"line":9,"column":22},"end":{"line":24,"column":null}},"1":{"start":{"line":16,"column":4},"end":{"line":22,"column":null}},"2":{"start":{"line":17,"column":6},"end":{"line":17,"column":null}},"3":{"start":{"line":18,"column":6},"end":{"line":18,"column":null}},"4":{"start":{"line":19,"column":6},"end":{"line":19,"column":null}},"5":{"start":{"line":21,"column":6},"end":{"line":21,"column":null}}},"fnMap":{"0":{"name":"(anonymous_0)","decl":{"start":{"line":9,"column":0},"end":{"line":9,"column":22}},"loc":{"start":{"line":9,"column":22},"end":{"line":24,"column":null}},"line":9},"1":{"name":"(anonymous_1)","decl":{"start":{"line":15,"column":8},"end":{"line":15,"column":15}},"loc":{"start":{"line":15,"column":15},"end":{"line":23,"column":null}},"line":15}},"branchMap":{},"s":{"0":0,"1":0,"2":0,"3":0,"4":0,"5":0},"f":{"0":0,"1":0},"b":{},"meta":{"lastBranch":0,"lastFunction":2,"lastStatement":6,"seen":{"f:9:0:9:22":0,"s:9:22:24:Infinity":0,"f:15:8:15:15":1,"s:16:4:22:Infinity":1,"s:17:6:17:Infinity":2,"s:18:6:18:Infinity":3,"s:19:6:19:Infinity":4,"s:21:6:21:Infinity":5}}}
,"/Users/zooaqua/Desktop/repo/websys/project/frontend/src/sys/pages/users.ts": {"path":"/Users/zooaqua/Desktop/repo/websys/project/frontend/src/sys/pages/users.ts","statementMap":{"0":{"start":{"line":8,"column":22},"end":{"line":82,"column":null}},"1":{"start":{"line":15,"column":4},"end":{"line":25,"column":null}},"2":{"start":{"line":16,"column":26},"end":{"line":16,"column":null}},"3":{"start":{"line":17,"column":6},"end":{"line":17,"column":null}},"4":{"start":{"line":18,"column":6},"end":{"line":18,"column":null}},"5":{"start":{"line":20,"column":6},"end":{"line":22,"column":null}},"6":{"start":{"line":21,"column":8},"end":{"line":21,"column":null}},"7":{"start":{"line":24,"column":6},"end":{"line":24,"column":null}},"8":{"start":{"line":29,"column":4},"end":{"line":34,"column":null}},"9":{"start":{"line":30,"column":23},"end":{"line":30,"column":null}},"10":{"start":{"line":31,"column":6},"end":{"line":31,"column":null}},"11":{"start":{"line":33,"column":6},"end":{"line":33,"column":null}},"12":{"start":{"line":38,"column":21},"end":{"line":38,"column":null}},"13":{"start":{"line":39,"column":4},"end":{"line":39,"column":null}},"14":{"start":{"line":39,"column":19},"end":{"line":39,"column":null}},"15":{"start":{"line":41,"column":21},"end":{"line":41,"column":null}},"16":{"start":{"line":42,"column":4},"end":{"line":42,"column":null}},"17":{"start":{"line":42,"column":19},"end":{"line":42,"column":null}},"18":{"start":{"line":44,"column":24},"end":{"line":44,"column":null}},"19":{"start":{"line":45,"column":4},"end":{"line":45,"column":null}},"20":{"start":{"line":45,"column":22},"end":{"line":45,"column":null}},"21":{"start":{"line":47,"column":18},"end":{"line":47,"column":null}},"22":{"start":{"line":48,"column":4},"end":{"line":48,"column":null}},"23":{"start":{"line":48,"column":16},"end":{"line":48,"column":null}},"24":{"start":{"line":50,"column":17},"end":{"line":50,"column":null}},"25":{"start":{"line":52,"column":4},"end":{"line":52,"column":null}},"26":{"start":{"line":56,"column":4},"end":{"line":68,"column":null}},"27":{"start":{"line":57,"column":6},"end":{"line":63,"column":null}},"28":{"start":{"line":64,"column":6},"end":{"line":64,"column":null}},"29":{"start":{"line":65,"column":6},"end":{"line":65,"column":null}},"30":{"start":{"line":67,"column":6},"end":{"line":67,"column":null}},"31":{"start":{"line":72,"column":4},"end":{"line":72,"column":null}},"32":{"start":{"line":72,"column":32},"end":{"line":72,"column":null}},"33":{"start":{"line":74,"column":4},"end":{"line":80,"column":null}},"34":{"start":{"line":75,"column":6},"end":{"line":75,"column":null}},"35":{"start":{"line":76,"column":6},"end":{"line":76,"column":null}},"36":{"start":{"line":77,"column":6},"end":{"line":77,"column":null}},"37":{"start":{"line":79,"column":6},"end":{"line":79,"column":null}}},"fnMap":{"0":{"name":"(anonymous_0)","decl":{"start":{"line":8,"column":0},"end":{"line":8,"column":22}},"loc":{"start":{"line":8,"column":22},"end":{"line":82,"column":null}},"line":8},"1":{"name":"(anonymous_1)","decl":{"start":{"line":14,"column":8},"end":{"line":14,"column":15}},"loc":{"start":{"line":14,"column":15},"end":{"line":26,"column":null}},"line":14},"2":{"name":"(anonymous_2)","decl":{"start":{"line":28,"column":8},"end":{"line":28,"column":20}},"loc":{"start":{"line":28,"column":20},"end":{"line":35,"column":null}},"line":28},"3":{"name":"(anonymous_3)","decl":{"start":{"line":37,"column":2},"end":{"line":37,"column":21}},"loc":{"start":{"line":37,"column":21},"end":{"line":53,"column":null}},"line":37},"4":{"name":"(anonymous_4)","decl":{"start":{"line":55,"column":8},"end":{"line":55,"column":19}},"loc":{"start":{"line":55,"column":105},"end":{"line":69,"column":null}},"line":55},"5":{"name":"(anonymous_5)","decl":{"start":{"line":71,"column":8},"end":{"line":71,"column":19}},"loc":{"start":{"line":71,"column":35},"end":{"line":81,"column":null}},"line":71}},"branchMap":{"0":{"loc":{"start":{"line":20,"column":6},"end":{"line":22,"column":null}},"type":"if","locations":[{"start":{"line":20,"column":6},"end":{"line":22,"column":null}},{"start":{},"end":{}}],"line":20},"1":{"loc":{"start":{"line":39,"column":4},"end":{"line":39,"column":null}},"type":"if","locations":[{"start":{"line":39,"column":4},"end":{"line":39,"column":null}},{"start":{},"end":{}}],"line":39},"2":{"loc":{"start":{"line":42,"column":4},"end":{"line":42,"column":null}},"type":"if","locations":[{"start":{"line":42,"column":4},"end":{"line":42,"column":null}},{"start":{},"end":{}}],"line":42},"3":{"loc":{"start":{"line":45,"column":4},"end":{"line":45,"column":null}},"type":"if","locations":[{"start":{"line":45,"column":4},"end":{"line":45,"column":null}},{"start":{},"end":{}}],"line":45},"4":{"loc":{"start":{"line":48,"column":4},"end":{"line":48,"column":null}},"type":"if","locations":[{"start":{"line":48,"column":4},"end":{"line":48,"column":null}},{"start":{},"end":{}}],"line":48},"5":{"loc":{"start":{"line":50,"column":17},"end":{"line":50,"column":null}},"type":"cond-expr","locations":[{"start":{"line":50,"column":44},"end":{"line":50,"column":54}},{"start":{"line":50,"column":54},"end":{"line":50,"column":null}}],"line":50},"6":{"loc":{"start":{"line":72,"column":4},"end":{"line":72,"column":null}},"type":"if","locations":[{"start":{"line":72,"column":4},"end":{"line":72,"column":null}},{"start":{},"end":{}}],"line":72}},"s":{"0":0,"1":0,"2":0,"3":0,"4":0,"5":0,"6":0,"7":0,"8":0,"9":0,"10":0,"11":0,"12":0,"13":0,"14":0,"15":0,"16":0,"17":0,"18":0,"19":0,"20":0,"21":0,"22":0,"23":0,"24":0,"25":0,"26":0,"27":0,"28":0,"29":0,"30":0,"31":0,"32":0,"33":0,"34":0,"35":0,"36":0,"37":0},"f":{"0":0,"1":0,"2":0,"3":0,"4":0,"5":0},"b":{"0":[0,0],"1":[0,0],"2":[0,0],"3":[0,0],"4":[0,0],"5":[0,0],"6":[0,0]},"meta":{"lastBranch":7,"lastFunction":6,"lastStatement":38,"seen":{"f:8:0:8:22":0,"s:8:22:82:Infinity":0,"f:14:8:14:15":1,"s:15:4:25:Infinity":1,"s:16:26:16:Infinity":2,"s:17:6:17:Infinity":3,"s:18:6:18:Infinity":4,"b:20:6:22:Infinity:undefined:undefined:undefined:undefined":0,"s:20:6:22:Infinity":5,"s:21:8:21:Infinity":6,"s:24:6:24:Infinity":7,"f:28:8:28:20":2,"s:29:4:34:Infinity":8,"s:30:23:30:Infinity":9,"s:31:6:31:Infinity":10,"s:33:6:33:Infinity":11,"f:37:2:37:21":3,"s:38:21:38:Infinity":12,"b:39:4:39:Infinity:undefined:undefined:undefined:undefined":1,"s:39:4:39:Infinity":13,"s:39:19:39:Infinity":14,"s:41:21:41:Infinity":15,"b:42:4:42:Infinity:undefined:undefined:undefined:undefined":2,"s:42:4:42:Infinity":16,"s:42:19:42:Infinity":17,"s:44:24:44:Infinity":18,"b:45:4:45:Infinity:undefined:undefined:undefined:undefined":3,"s:45:4:45:Infinity":19,"s:45:22:45:Infinity":20,"s:47:18:47:Infinity":21,"b:48:4:48:Infinity:undefined:undefined:undefined:undefined":4,"s:48:4:48:Infinity":22,"s:48:16:48:Infinity":23,"s:50:17:50:Infinity":24,"b:50:44:50:54:50:54:50:Infinity":5,"s:52:4:52:Infinity":25,"f:55:8:55:19":4,"s:56:4:68:Infinity":26,"s:57:6:63:Infinity":27,"s:64:6:64:Infinity":28,"s:65:6:65:Infinity":29,"s:67:6:67:Infinity":30,"f:71:8:71:19":5,"b:72:4:72:Infinity:undefined:undefined:undefined:undefined":6,"s:72:4:72:Infinity":31,"s:72:32:72:Infinity":32,"s:74:4:80:Infinity":33,"s:75:6:75:Infinity":34,"s:76:6:76:Infinity":35,"s:77:6:77:Infinity":36,"s:79:6:79:Infinity":37}}}
,"/Users/zooaqua/Desktop/repo/websys/project/frontend/src/sys/utils/fetch.ts": {"path":"/Users/zooaqua/Desktop/repo/websys/project/frontend/src/sys/utils/fetch.ts","statementMap":{"0":{"start":{"line":40,"column":57},"end":{"line":40,"column":null}},"1":{"start":{"line":43,"column":38},"end":{"line":49,"column":null}},"2":{"start":{"line":52,"column":24},"end":{"line":52,"column":null}},"3":{"start":{"line":54,"column":2},"end":{"line":95,"column":null}},"4":{"start":{"line":55,"column":21},"end":{"line":55,"column":null}},"5":{"start":{"line":58,"column":4},"end":{"line":60,"column":null}},"6":{"start":{"line":59,"column":6},"end":{"line":59,"column":null}},"7":{"start":{"line":63,"column":17},"end":{"line":63,"column":null}},"8":{"start":{"line":66,"column":4},"end":{"line":74,"column":null}},"9":{"start":{"line":67,"column":6},"end":{"line":69,"column":null}},"10":{"start":{"line":68,"column":8},"end":{"line":68,"column":null}},"11":{"start":{"line":72,"column":6},"end":{"line":72,"column":null}},"12":{"start":{"line":73,"column":6},"end":{"line":73,"column":null}},"13":{"start":{"line":76,"column":4},"end":{"line":76,"column":null}},"14":{"start":{"line":78,"column":4},"end":{"line":80,"column":null}},"15":{"start":{"line":79,"column":6},"end":{"line":79,"column":null}},"16":{"start":{"line":83,"column":4},"end":{"line":92,"column":null}},"17":{"start":{"line":84,"column":6},"end":{"line":84,"column":null}},"18":{"start":{"line":85,"column":6},"end":{"line":91,"column":null}},"19":{"start":{"line":94,"column":4},"end":{"line":94,"column":null}},"20":{"start":{"line":105,"column":16},"end":{"line":105,"column":null}},"21":{"start":{"line":108,"column":2},"end":{"line":115,"column":null}},"22":{"start":{"line":109,"column":4},"end":{"line":109,"column":null}},"23":{"start":{"line":111,"column":4},"end":{"line":113,"column":null}},"24":{"start":{"line":112,"column":6},"end":{"line":112,"column":null}},"25":{"start":{"line":114,"column":4},"end":{"line":114,"column":null}},"26":{"start":{"line":118,"column":2},"end":{"line":122,"column":null}},"27":{"start":{"line":119,"column":4},"end":{"line":119,"column":null}},"28":{"start":{"line":120,"column":4},"end":{"line":120,"column":null}},"29":{"start":{"line":121,"column":4},"end":{"line":121,"column":null}},"30":{"start":{"line":125,"column":2},"end":{"line":125,"column":null}},"31":{"start":{"line":139,"column":2},"end":{"line":139,"column":null}},"32":{"start":{"line":155,"column":2},"end":{"line":159,"column":null}},"33":{"start":{"line":175,"column":2},"end":{"line":179,"column":null}},"34":{"start":{"line":193,"column":2},"end":{"line":193,"column":null}}},"fnMap":{"0":{"name":"apiFetch","decl":{"start":{"line":36,"column":22},"end":{"line":36,"column":null}},"loc":{"start":{"line":39,"column":14},"end":{"line":96,"column":null}},"line":39},"1":{"name":"handleAPIError","decl":{"start":{"line":104,"column":9},"end":{"line":104,"column":24}},"loc":{"start":{"line":104,"column":67},"end":{"line":126,"column":null}},"line":104},"2":{"name":"get","decl":{"start":{"line":135,"column":22},"end":{"line":135,"column":null}},"loc":{"start":{"line":138,"column":14},"end":{"line":140,"column":null}},"line":138},"3":{"name":"post","decl":{"start":{"line":150,"column":22},"end":{"line":150,"column":null}},"loc":{"start":{"line":154,"column":14},"end":{"line":160,"column":null}},"line":154},"4":{"name":"put","decl":{"start":{"line":170,"column":22},"end":{"line":170,"column":null}},"loc":{"start":{"line":174,"column":14},"end":{"line":180,"column":null}},"line":174},"5":{"name":"del","decl":{"start":{"line":189,"column":22},"end":{"line":189,"column":null}},"loc":{"start":{"line":192,"column":14},"end":{"line":194,"column":null}},"line":192}},"branchMap":{"0":{"loc":{"start":{"line":38,"column":2},"end":{"line":38,"column":null}},"type":"default-arg","locations":[{"start":{"line":38,"column":26},"end":{"line":38,"column":null}}],"line":38},"1":{"loc":{"start":{"line":40,"column":10},"end":{"line":40,"column":37}},"type":"default-arg","locations":[{"start":{"line":40,"column":30},"end":{"line":40,"column":37}}],"line":40},"2":{"loc":{"start":{"line":58,"column":4},"end":{"line":60,"column":null}},"type":"if","locations":[{"start":{"line":58,"column":4},"end":{"line":60,"column":null}},{"start":{},"end":{}}],"line":58},"3":{"loc":{"start":{"line":66,"column":4},"end":{"line":74,"column":null}},"type":"if","locations":[{"start":{"line":66,"column":4},"end":{"line":74,"column":null}},{"start":{},"end":{}}],"line":66},"4":{"loc":{"start":{"line":67,"column":6},"end":{"line":69,"column":null}},"type":"if","locations":[{"start":{"line":67,"column":6},"end":{"line":69,"column":null}},{"start":{},"end":{}}],"line":67},"5":{"loc":{"start":{"line":78,"column":4},"end":{"line":80,"column":null}},"type":"if","locations":[{"start":{"line":78,"column":4},"end":{"line":80,"column":null}},{"start":{},"end":{}}],"line":78},"6":{"loc":{"start":{"line":83,"column":4},"end":{"line":92,"column":null}},"type":"if","locations":[{"start":{"line":83,"column":4},"end":{"line":92,"column":null}},{"start":{},"end":{}}],"line":83},"7":{"loc":{"start":{"line":108,"column":2},"end":{"line":115,"column":null}},"type":"if","locations":[{"start":{"line":108,"column":2},"end":{"line":115,"column":null}},{"start":{},"end":{}}],"line":108},"8":{"loc":{"start":{"line":111,"column":4},"end":{"line":113,"column":null}},"type":"if","locations":[{"start":{"line":111,"column":4},"end":{"line":113,"column":null}},{"start":{},"end":{}}],"line":111},"9":{"loc":{"start":{"line":111,"column":8},"end":{"line":111,"column":80}},"type":"binary-expr","locations":[{"start":{"line":111,"column":8},"end":{"line":111,"column":45}},{"start":{"line":111,"column":45},"end":{"line":111,"column":80}}],"line":111},"10":{"loc":{"start":{"line":118,"column":2},"end":{"line":122,"column":null}},"type":"if","locations":[{"start":{"line":118,"column":2},"end":{"line":122,"column":null}},{"start":{},"end":{}}],"line":118},"11":{"loc":{"start":{"line":137,"column":2},"end":{"line":137,"column":null}},"type":"default-arg","locations":[{"start":{"line":137,"column":26},"end":{"line":137,"column":null}}],"line":137},"12":{"loc":{"start":{"line":153,"column":2},"end":{"line":153,"column":null}},"type":"default-arg","locations":[{"start":{"line":153,"column":26},"end":{"line":153,"column":null}}],"line":153},"13":{"loc":{"start":{"line":173,"column":2},"end":{"line":173,"column":null}},"type":"default-arg","locations":[{"start":{"line":173,"column":26},"end":{"line":173,"column":null}}],"line":173},"14":{"loc":{"start":{"line":191,"column":2},"end":{"line":191,"column":null}},"type":"default-arg","locations":[{"start":{"line":191,"column":26},"end":{"line":191,"column":null}}],"line":191}},"s":{"0":0,"1":0,"2":0,"3":0,"4":0,"5":0,"6":0,"7":0,"8":0,"9":0,"10":0,"11":0,"12":0,"13":0,"14":0,"15":0,"16":0,"17":0,"18":0,"19":0,"20":0,"21":0,"22":0,"23":0,"24":0,"25":0,"26":0,"27":0,"28":0,"29":0,"30":0,"31":0,"32":0,"33":0,"34":0},"f":{"0":0,"1":0,"2":0,"3":0,"4":0,"5":0},"b":{"0":[0],"1":[0],"2":[0,0],"3":[0,0],"4":[0,0],"5":[0,0],"6":[0,0],"7":[0,0],"8":[0,0],"9":[0,0],"10":[0,0],"11":[0],"12":[0],"13":[0],"14":[0]},"meta":{"lastBranch":15,"lastFunction":6,"lastStatement":35,"seen":{"f:36:22:36:Infinity":0,"b:38:26:38:Infinity":0,"s:40:57:40:Infinity":0,"b:40:30:40:37":1,"s:43:38:49:Infinity":1,"s:52:24:52:Infinity":2,"s:54:2:95:Infinity":3,"s:55:21:55:Infinity":4,"b:58:4:60:Infinity:undefined:undefined:undefined:undefined":2,"s:58:4:60:Infinity":5,"s:59:6:59:Infinity":6,"s:63:17:63:Infinity":7,"b:66:4:74:Infinity:undefined:undefined:undefined:undefined":3,"s:66:4:74:Infinity":8,"b:67:6:69:Infinity:undefined:undefined:undefined:undefined":4,"s:67:6:69:Infinity":9,"s:68:8:68:Infinity":10,"s:72:6:72:Infinity":11,"s:73:6:73:Infinity":12,"s:76:4:76:Infinity":13,"b:78:4:80:Infinity:undefined:undefined:undefined:undefined":5,"s:78:4:80:Infinity":14,"s:79:6:79:Infinity":15,"b:83:4:92:Infinity:undefined:undefined:undefined:undefined":6,"s:83:4:92:Infinity":16,"s:84:6:84:Infinity":17,"s:85:6:91:Infinity":18,"s:94:4:94:Infinity":19,"f:104:9:104:24":1,"s:105:16:105:Infinity":20,"b:108:2:115:Infinity:undefined:undefined:undefined:undefined":7,"s:108:2:115:Infinity":21,"s:109:4:109:Infinity":22,"b:111:4:113:Infinity:undefined:undefined:undefined:undefined":8,"s:111:4:113:Infinity":23,"b:111:8:111:45:111:45:111:80":9,"s:112:6:112:Infinity":24,"s:114:4:114:Infinity":25,"b:118:2:122:Infinity:undefined:undefined:undefined:undefined":10,"s:118:2:122:Infinity":26,"s:119:4:119:Infinity":27,"s:120:4:120:Infinity":28,"s:121:4:121:Infinity":29,"s:125:2:125:Infinity":30,"f:135:22:135:Infinity":2,"b:137:26:137:Infinity":11,"s:139:2:139:Infinity":31,"f:150:22:150:Infinity":3,"b:153:26:153:Infinity":12,"s:155:2:159:Infinity":32,"f:170:22:170:Infinity":4,"b:173:26:173:Infinity":13,"s:175:2:179:Infinity":33,"f:189:22:189:Infinity":5,"b:191:26:191:Infinity":14,"s:193:2:193:Infinity":34}}}
,"/Users/zooaqua/Desktop/repo/websys/project/frontend/src/sys/utils/http.ts": {"path":"/Users/zooaqua/Desktop/repo/websys/project/frontend/src/sys/utils/http.ts","statementMap":{"0":{"start":{"line":13,"column":21},"end":{"line":20,"column":null}},"1":{"start":{"line":22,"column":4},"end":{"line":29,"column":null}},"2":{"start":{"line":23,"column":20},"end":{"line":26,"column":null}},"3":{"start":{"line":23,"column":55},"end":{"line":26,"column":8}},"4":{"start":{"line":28,"column":6},"end":{"line":28,"column":null}},"5":{"start":{"line":31,"column":4},"end":{"line":31,"column":null}},"6":{"start":{"line":35,"column":4},"end":{"line":35,"column":null}},"7":{"start":{"line":39,"column":4},"end":{"line":42,"column":null}},"8":{"start":{"line":46,"column":4},"end":{"line":49,"column":null}},"9":{"start":{"line":53,"column":4},"end":{"line":53,"column":null}},"10":{"start":{"line":57,"column":4},"end":{"line":60,"column":null}},"11":{"start":{"line":64,"column":20},"end":{"line":64,"column":null}}},"fnMap":{"0":{"name":"(anonymous_0)","decl":{"start":{"line":12,"column":8},"end":{"line":12,"column":19}},"loc":{"start":{"line":12,"column":71},"end":{"line":32,"column":null}},"line":12},"1":{"name":"(anonymous_1)","decl":{"start":{"line":23,"column":42},"end":{"line":23,"column":55}},"loc":{"start":{"line":23,"column":55},"end":{"line":26,"column":8}},"line":23},"2":{"name":"(anonymous_2)","decl":{"start":{"line":34,"column":8},"end":{"line":34,"column":15}},"loc":{"start":{"line":34,"column":40},"end":{"line":36,"column":null}},"line":34},"3":{"name":"(anonymous_3)","decl":{"start":{"line":38,"column":8},"end":{"line":38,"column":16}},"loc":{"start":{"line":38,"column":56},"end":{"line":43,"column":null}},"line":38},"4":{"name":"(anonymous_4)","decl":{"start":{"line":45,"column":8},"end":{"line":45,"column":15}},"loc":{"start":{"line":45,"column":55},"end":{"line":50,"column":null}},"line":45},"5":{"name":"(anonymous_5)","decl":{"start":{"line":52,"column":8},"end":{"line":52,"column":18}},"loc":{"start":{"line":52,"column":43},"end":{"line":54,"column":null}},"line":52},"6":{"name":"(anonymous_6)","decl":{"start":{"line":56,"column":8},"end":{"line":56,"column":17}},"loc":{"start":{"line":56,"column":58},"end":{"line":61,"column":null}},"line":56}},"branchMap":{"0":{"loc":{"start":{"line":12,"column":32},"end":{"line":12,"column":71}},"type":"default-arg","locations":[{"start":{"line":12,"column":55},"end":{"line":12,"column":71}}],"line":12},"1":{"loc":{"start":{"line":22,"column":4},"end":{"line":29,"column":null}},"type":"if","locations":[{"start":{"line":22,"column":4},"end":{"line":29,"column":null}},{"start":{},"end":{}}],"line":22},"2":{"loc":{"start":{"line":28,"column":22},"end":{"line":28,"column":75}},"type":"binary-expr","locations":[{"start":{"line":28,"column":22},"end":{"line":28,"column":46}},{"start":{"line":28,"column":46},"end":{"line":28,"column":63}},{"start":{"line":28,"column":63},"end":{"line":28,"column":75}}],"line":28},"3":{"loc":{"start":{"line":59,"column":12},"end":{"line":59,"column":null}},"type":"cond-expr","locations":[{"start":{"line":59,"column":19},"end":{"line":59,"column":42}},{"start":{"line":59,"column":42},"end":{"line":59,"column":null}}],"line":59}},"s":{"0":13,"1":13,"2":4,"3":1,"4":4,"5":9,"6":1,"7":1,"8":1,"9":1,"10":2,"11":1},"f":{"0":13,"1":1,"2":1,"3":1,"4":1,"5":1,"6":2},"b":{"0":[13],"1":[4,9],"2":[4,3,1],"3":[1,1]},"meta":{"lastBranch":4,"lastFunction":7,"lastStatement":12,"seen":{"f:12:8:12:19":0,"b:12:55:12:71":0,"s:13:21:20:Infinity":0,"b:22:4:29:Infinity:undefined:undefined:undefined:undefined":1,"s:22:4:29:Infinity":1,"s:23:20:26:Infinity":2,"f:23:42:23:55":1,"s:23:55:26:8":3,"s:28:6:28:Infinity":4,"b:28:22:28:46:28:46:28:63:28:63:28:75":2,"s:31:4:31:Infinity":5,"f:34:8:34:15":2,"s:35:4:35:Infinity":6,"f:38:8:38:16":3,"s:39:4:42:Infinity":7,"f:45:8:45:15":4,"s:46:4:49:Infinity":8,"f:52:8:52:18":5,"s:53:4:53:Infinity":9,"f:56:8:56:17":6,"s:57:4:60:Infinity":10,"b:59:19:59:42:59:42:59:Infinity":3,"s:64:20:64:Infinity":11}}}
,"/Users/zooaqua/Desktop/repo/websys/project/frontend/src/sys/utils/storage.ts": {"path":"/Users/zooaqua/Desktop/repo/websys/project/frontend/src/sys/utils/storage.ts","statementMap":{"0":{"start":{"line":17,"column":2},"end":{"line":22,"column":null}},"1":{"start":{"line":18,"column":23},"end":{"line":18,"column":null}},"2":{"start":{"line":19,"column":4},"end":{"line":19,"column":null}},"3":{"start":{"line":21,"column":4},"end":{"line":21,"column":null}},"4":{"start":{"line":32,"column":2},"end":{"line":41,"column":null}},"5":{"start":{"line":33,"column":23},"end":{"line":33,"column":null}},"6":{"start":{"line":34,"column":4},"end":{"line":36,"column":null}},"7":{"start":{"line":35,"column":6},"end":{"line":35,"column":null}},"8":{"start":{"line":37,"column":4},"end":{"line":37,"column":null}},"9":{"start":{"line":39,"column":4},"end":{"line":39,"column":null}},"10":{"start":{"line":40,"column":4},"end":{"line":40,"column":null}},"11":{"start":{"line":50,"column":2},"end":{"line":54,"column":null}},"12":{"start":{"line":51,"column":4},"end":{"line":51,"column":null}},"13":{"start":{"line":53,"column":4},"end":{"line":53,"column":null}},"14":{"start":{"line":61,"column":2},"end":{"line":65,"column":null}},"15":{"start":{"line":62,"column":4},"end":{"line":62,"column":null}},"16":{"start":{"line":64,"column":4},"end":{"line":64,"column":null}},"17":{"start":{"line":75,"column":2},"end":{"line":80,"column":null}},"18":{"start":{"line":76,"column":4},"end":{"line":76,"column":null}},"19":{"start":{"line":78,"column":4},"end":{"line":78,"column":null}},"20":{"start":{"line":79,"column":4},"end":{"line":79,"column":null}},"21":{"start":{"line":89,"column":2},"end":{"line":101,"column":null}},"22":{"start":{"line":90,"column":27},"end":{"line":90,"column":null}},"23":{"start":{"line":91,"column":4},"end":{"line":96,"column":null}},"24":{"start":{"line":91,"column":17},"end":{"line":91,"column":20}},"25":{"start":{"line":92,"column":18},"end":{"line":92,"column":null}},"26":{"start":{"line":93,"column":6},"end":{"line":95,"column":null}},"27":{"start":{"line":94,"column":8},"end":{"line":94,"column":null}},"28":{"start":{"line":97,"column":4},"end":{"line":97,"column":null}},"29":{"start":{"line":99,"column":4},"end":{"line":99,"column":null}},"30":{"start":{"line":100,"column":4},"end":{"line":100,"column":null}},"31":{"start":{"line":110,"column":2},"end":{"line":115,"column":null}},"32":{"start":{"line":111,"column":25},"end":{"line":111,"column":null}},"33":{"start":{"line":111,"column":52},"end":{"line":111,"column":74}},"34":{"start":{"line":112,"column":4},"end":{"line":112,"column":null}},"35":{"start":{"line":112,"column":32},"end":{"line":112,"column":60}},"36":{"start":{"line":114,"column":4},"end":{"line":114,"column":null}},"37":{"start":{"line":121,"column":33},"end":{"line":121,"column":null}},"38":{"start":{"line":126,"column":25},"end":{"line":126,"column":null}},"39":{"start":{"line":131,"column":28},"end":{"line":131,"column":null}},"40":{"start":{"line":139,"column":2},"end":{"line":139,"column":null}},"41":{"start":{"line":148,"column":2},"end":{"line":148,"column":null}},"42":{"start":{"line":157,"column":2},"end":{"line":157,"column":null}},"43":{"start":{"line":166,"column":2},"end":{"line":166,"column":null}}},"fnMap":{"0":{"name":"setItem","decl":{"start":{"line":16,"column":16},"end":{"line":16,"column":27}},"loc":{"start":{"line":16,"column":56},"end":{"line":23,"column":null}},"line":16},"1":{"name":"getItem","decl":{"start":{"line":31,"column":16},"end":{"line":31,"column":27}},"loc":{"start":{"line":31,"column":50},"end":{"line":42,"column":null}},"line":31},"2":{"name":"removeItem","decl":{"start":{"line":49,"column":16},"end":{"line":49,"column":27}},"loc":{"start":{"line":49,"column":46},"end":{"line":55,"column":null}},"line":49},"3":{"name":"clear","decl":{"start":{"line":60,"column":16},"end":{"line":60,"column":30}},"loc":{"start":{"line":60,"column":30},"end":{"line":66,"column":null}},"line":60},"4":{"name":"hasItem","decl":{"start":{"line":74,"column":16},"end":{"line":74,"column":24}},"loc":{"start":{"line":74,"column":46},"end":{"line":81,"column":null}},"line":74},"5":{"name":"getAllKeys","decl":{"start":{"line":88,"column":16},"end":{"line":88,"column":39}},"loc":{"start":{"line":88,"column":39},"end":{"line":102,"column":null}},"line":88},"6":{"name":"removeByPrefix","decl":{"start":{"line":109,"column":16},"end":{"line":109,"column":31}},"loc":{"start":{"line":109,"column":53},"end":{"line":116,"column":null}},"line":109},"7":{"name":"(anonymous_7)","decl":{"start":{"line":111,"column":38},"end":{"line":111,"column":45}},"loc":{"start":{"line":111,"column":52},"end":{"line":111,"column":74}},"line":111},"8":{"name":"(anonymous_8)","decl":{"start":{"line":112,"column":17},"end":{"line":112,"column":25}},"loc":{"start":{"line":112,"column":32},"end":{"line":112,"column":60}},"line":112},"9":{"name":"saveTheme","decl":{"start":{"line":138,"column":16},"end":{"line":138,"column":26}},"loc":{"start":{"line":138,"column":57},"end":{"line":140,"column":null}},"line":138},"10":{"name":"getTheme","decl":{"start":{"line":147,"column":16},"end":{"line":147,"column":45}},"loc":{"start":{"line":147,"column":45},"end":{"line":149,"column":null}},"line":147},"11":{"name":"saveLanguage","decl":{"start":{"line":156,"column":16},"end":{"line":156,"column":29}},"loc":{"start":{"line":156,"column":53},"end":{"line":158,"column":null}},"line":156},"12":{"name":"getLanguage","decl":{"start":{"line":165,"column":16},"end":{"line":165,"column":38}},"loc":{"start":{"line":165,"column":38},"end":{"line":167,"column":null}},"line":165}},"branchMap":{"0":{"loc":{"start":{"line":34,"column":4},"end":{"line":36,"column":null}},"type":"if","locations":[{"start":{"line":34,"column":4},"end":{"line":36,"column":null}},{"start":{},"end":{}}],"line":34},"1":{"loc":{"start":{"line":93,"column":6},"end":{"line":95,"column":null}},"type":"if","locations":[{"start":{"line":93,"column":6},"end":{"line":95,"column":null}},{"start":{},"end":{}}],"line":93},"2":{"loc":{"start":{"line":148,"column":9},"end":{"line":148,"column":null}},"type":"binary-expr","locations":[{"start":{"line":148,"column":9},"end":{"line":148,"column":49}},{"start":{"line":148,"column":49},"end":{"line":148,"column":null}}],"line":148},"3":{"loc":{"start":{"line":166,"column":9},"end":{"line":166,"column":null}},"type":"binary-expr","locations":[{"start":{"line":166,"column":9},"end":{"line":166,"column":42}},{"start":{"line":166,"column":42},"end":{"line":166,"column":null}}],"line":166}},"s":{"0":0,"1":0,"2":0,"3":0,"4":0,"5":0,"6":0,"7":0,"8":0,"9":0,"10":0,"11":0,"12":0,"13":0,"14":0,"15":0,"16":0,"17":0,"18":0,"19":0,"20":0,"21":0,"22":0,"23":0,"24":0,"25":0,"26":0,"27":0,"28":0,"29":0,"30":0,"31":0,"32":0,"33":0,"34":0,"35":0,"36":0,"37":0,"38":0,"39":0,"40":0,"41":0,"42":0,"43":0},"f":{"0":0,"1":0,"2":0,"3":0,"4":0,"5":0,"6":0,"7":0,"8":0,"9":0,"10":0,"11":0,"12":0},"b":{"0":[0,0],"1":[0,0],"2":[0,0],"3":[0,0]},"meta":{"lastBranch":4,"lastFunction":13,"lastStatement":44,"seen":{"f:16:16:16:27":0,"s:17:2:22:Infinity":0,"s:18:23:18:Infinity":1,"s:19:4:19:Infinity":2,"s:21:4:21:Infinity":3,"f:31:16:31:27":1,"s:32:2:41:Infinity":4,"s:33:23:33:Infinity":5,"b:34:4:36:Infinity:undefined:undefined:undefined:undefined":0,"s:34:4:36:Infinity":6,"s:35:6:35:Infinity":7,"s:37:4:37:Infinity":8,"s:39:4:39:Infinity":9,"s:40:4:40:Infinity":10,"f:49:16:49:27":2,"s:50:2:54:Infinity":11,"s:51:4:51:Infinity":12,"s:53:4:53:Infinity":13,"f:60:16:60:30":3,"s:61:2:65:Infinity":14,"s:62:4:62:Infinity":15,"s:64:4:64:Infinity":16,"f:74:16:74:24":4,"s:75:2:80:Infinity":17,"s:76:4:76:Infinity":18,"s:78:4:78:Infinity":19,"s:79:4:79:Infinity":20,"f:88:16:88:39":5,"s:89:2:101:Infinity":21,"s:90:27:90:Infinity":22,"s:91:4:96:Infinity":23,"s:91:17:91:20":24,"s:92:18:92:Infinity":25,"b:93:6:95:Infinity:undefined:undefined:undefined:undefined":1,"s:93:6:95:Infinity":26,"s:94:8:94:Infinity":27,"s:97:4:97:Infinity":28,"s:99:4:99:Infinity":29,"s:100:4:100:Infinity":30,"f:109:16:109:31":6,"s:110:2:115:Infinity":31,"s:111:25:111:Infinity":32,"f:111:38:111:45":7,"s:111:52:111:74":33,"s:112:4:112:Infinity":34,"f:112:17:112:25":8,"s:112:32:112:60":35,"s:114:4:114:Infinity":36,"s:121:33:121:Infinity":37,"s:126:25:126:Infinity":38,"s:131:28:131:Infinity":39,"f:138:16:138:26":9,"s:139:2:139:Infinity":40,"f:147:16:147:45":10,"s:148:2:148:Infinity":41,"b:148:9:148:49:148:49:148:Infinity":2,"f:156:16:156:29":11,"s:157:2:157:Infinity":42,"f:165:16:165:38":12,"s:166:2:166:Infinity":43,"b:166:9:166:42:166:42:166:Infinity":3}}}
,"/Users/zooaqua/Desktop/repo/websys/project/frontend/src/sys/utils/validation.ts": {"path":"/Users/zooaqua/Desktop/repo/websys/project/frontend/src/sys/utils/validation.ts","statementMap":{"0":{"start":{"line":27,"column":2},"end":{"line":29,"column":null}},"1":{"start":{"line":28,"column":4},"end":{"line":28,"column":null}},"2":{"start":{"line":31,"column":2},"end":{"line":33,"column":null}},"3":{"start":{"line":32,"column":4},"end":{"line":32,"column":null}},"4":{"start":{"line":35,"column":24},"end":{"line":35,"column":null}},"5":{"start":{"line":36,"column":2},"end":{"line":38,"column":null}},"6":{"start":{"line":37,"column":4},"end":{"line":37,"column":null}},"7":{"start":{"line":40,"column":2},"end":{"line":40,"column":null}},"8":{"start":{"line":53,"column":2},"end":{"line":55,"column":null}},"9":{"start":{"line":54,"column":4},"end":{"line":54,"column":null}},"10":{"start":{"line":57,"column":2},"end":{"line":59,"column":null}},"11":{"start":{"line":58,"column":4},"end":{"line":58,"column":null}},"12":{"start":{"line":61,"column":2},"end":{"line":61,"column":null}},"13":{"start":{"line":71,"column":2},"end":{"line":73,"column":null}},"14":{"start":{"line":72,"column":4},"end":{"line":72,"column":null}},"15":{"start":{"line":75,"column":21},"end":{"line":75,"column":null}},"16":{"start":{"line":76,"column":2},"end":{"line":78,"column":null}},"17":{"start":{"line":77,"column":4},"end":{"line":77,"column":null}},"18":{"start":{"line":80,"column":2},"end":{"line":80,"column":null}},"19":{"start":{"line":93,"column":2},"end":{"line":95,"column":null}},"20":{"start":{"line":94,"column":4},"end":{"line":94,"column":null}},"21":{"start":{"line":97,"column":2},"end":{"line":99,"column":null}},"22":{"start":{"line":98,"column":4},"end":{"line":98,"column":null}},"23":{"start":{"line":101,"column":2},"end":{"line":101,"column":null}},"24":{"start":{"line":114,"column":2},"end":{"line":116,"column":null}},"25":{"start":{"line":115,"column":4},"end":{"line":115,"column":null}},"26":{"start":{"line":118,"column":2},"end":{"line":120,"column":null}},"27":{"start":{"line":119,"column":4},"end":{"line":119,"column":null}},"28":{"start":{"line":122,"column":2},"end":{"line":122,"column":null}},"29":{"start":{"line":133,"column":2},"end":{"line":135,"column":null}},"30":{"start":{"line":134,"column":4},"end":{"line":134,"column":null}},"31":{"start":{"line":137,"column":2},"end":{"line":137,"column":null}},"32":{"start":{"line":149,"column":2},"end":{"line":151,"column":null}},"33":{"start":{"line":150,"column":4},"end":{"line":150,"column":null}},"34":{"start":{"line":153,"column":2},"end":{"line":153,"column":null}},"35":{"start":{"line":165,"column":2},"end":{"line":167,"column":null}},"36":{"start":{"line":166,"column":4},"end":{"line":166,"column":null}},"37":{"start":{"line":169,"column":2},"end":{"line":169,"column":null}},"38":{"start":{"line":179,"column":24},"end":{"line":179,"column":null}},"39":{"start":{"line":179,"column":47},"end":{"line":179,"column":60}},"40":{"start":{"line":181,"column":2},"end":{"line":183,"column":null}},"41":{"start":{"line":182,"column":4},"end":{"line":182,"column":null}},"42":{"start":{"line":185,"column":2},"end":{"line":185,"column":null}}},"fnMap":{"0":{"name":"validateUsername","decl":{"start":{"line":26,"column":16},"end":{"line":26,"column":33}},"loc":{"start":{"line":26,"column":69},"end":{"line":41,"column":null}},"line":26},"1":{"name":"validatePassword","decl":{"start":{"line":52,"column":16},"end":{"line":52,"column":33}},"loc":{"start":{"line":52,"column":69},"end":{"line":62,"column":null}},"line":52},"2":{"name":"validateEmail","decl":{"start":{"line":70,"column":16},"end":{"line":70,"column":30}},"loc":{"start":{"line":70,"column":63},"end":{"line":81,"column":null}},"line":70},"3":{"name":"validateDisplayName","decl":{"start":{"line":92,"column":16},"end":{"line":92,"column":36}},"loc":{"start":{"line":92,"column":75},"end":{"line":102,"column":null}},"line":92},"4":{"name":"validateRole","decl":{"start":{"line":113,"column":16},"end":{"line":113,"column":29}},"loc":{"start":{"line":113,"column":61},"end":{"line":123,"column":null}},"line":113},"5":{"name":"validateRequired","decl":{"start":{"line":132,"column":16},"end":{"line":132,"column":33}},"loc":{"start":{"line":132,"column":104},"end":{"line":138,"column":null}},"line":132},"6":{"name":"validateMinLength","decl":{"start":{"line":148,"column":16},"end":{"line":148,"column":34}},"loc":{"start":{"line":148,"column":105},"end":{"line":154,"column":null}},"line":148},"7":{"name":"validateMaxLength","decl":{"start":{"line":164,"column":16},"end":{"line":164,"column":34}},"loc":{"start":{"line":164,"column":105},"end":{"line":170,"column":null}},"line":164},"8":{"name":"combineValidationResults","decl":{"start":{"line":178,"column":16},"end":{"line":178,"column":41}},"loc":{"start":{"line":178,"column":88},"end":{"line":186,"column":null}},"line":178},"9":{"name":"(anonymous_9)","decl":{"start":{"line":179,"column":32},"end":{"line":179,"column":37}},"loc":{"start":{"line":179,"column":47},"end":{"line":179,"column":60}},"line":179}},"branchMap":{"0":{"loc":{"start":{"line":27,"column":2},"end":{"line":29,"column":null}},"type":"if","locations":[{"start":{"line":27,"column":2},"end":{"line":29,"column":null}},{"start":{},"end":{}}],"line":27},"1":{"loc":{"start":{"line":31,"column":2},"end":{"line":33,"column":null}},"type":"if","locations":[{"start":{"line":31,"column":2},"end":{"line":33,"column":null}},{"start":{},"end":{}}],"line":31},"2":{"loc":{"start":{"line":31,"column":6},"end":{"line":31,"column":51}},"type":"binary-expr","locations":[{"start":{"line":31,"column":6},"end":{"line":31,"column":29}},{"start":{"line":31,"column":29},"end":{"line":31,"column":51}}],"line":31},"3":{"loc":{"start":{"line":36,"column":2},"end":{"line":38,"column":null}},"type":"if","locations":[{"start":{"line":36,"column":2},"end":{"line":38,"column":null}},{"start":{},"end":{}}],"line":36},"4":{"loc":{"start":{"line":53,"column":2},"end":{"line":55,"column":null}},"type":"if","locations":[{"start":{"line":53,"column":2},"end":{"line":55,"column":null}},{"start":{},"end":{}}],"line":53},"5":{"loc":{"start":{"line":57,"column":2},"end":{"line":59,"column":null}},"type":"if","locations":[{"start":{"line":57,"column":2},"end":{"line":59,"column":null}},{"start":{},"end":{}}],"line":57},"6":{"loc":{"start":{"line":71,"column":2},"end":{"line":73,"column":null}},"type":"if","locations":[{"start":{"line":71,"column":2},"end":{"line":73,"column":null}},{"start":{},"end":{}}],"line":71},"7":{"loc":{"start":{"line":76,"column":2},"end":{"line":78,"column":null}},"type":"if","locations":[{"start":{"line":76,"column":2},"end":{"line":78,"column":null}},{"start":{},"end":{}}],"line":76},"8":{"loc":{"start":{"line":93,"column":2},"end":{"line":95,"column":null}},"type":"if","locations":[{"start":{"line":93,"column":2},"end":{"line":95,"column":null}},{"start":{},"end":{}}],"line":93},"9":{"loc":{"start":{"line":97,"column":2},"end":{"line":99,"column":null}},"type":"if","locations":[{"start":{"line":97,"column":2},"end":{"line":99,"column":null}},{"start":{},"end":{}}],"line":97},"10":{"loc":{"start":{"line":97,"column":6},"end":{"line":97,"column":58}},"type":"binary-expr","locations":[{"start":{"line":97,"column":6},"end":{"line":97,"column":32}},{"start":{"line":97,"column":32},"end":{"line":97,"column":58}}],"line":97},"11":{"loc":{"start":{"line":114,"column":2},"end":{"line":116,"column":null}},"type":"if","locations":[{"start":{"line":114,"column":2},"end":{"line":116,"column":null}},{"start":{},"end":{}}],"line":114},"12":{"loc":{"start":{"line":118,"column":2},"end":{"line":120,"column":null}},"type":"if","locations":[{"start":{"line":118,"column":2},"end":{"line":120,"column":null}},{"start":{},"end":{}}],"line":118},"13":{"loc":{"start":{"line":118,"column":6},"end":{"line":118,"column":43}},"type":"binary-expr","locations":[{"start":{"line":118,"column":6},"end":{"line":118,"column":26}},{"start":{"line":118,"column":26},"end":{"line":118,"column":43}}],"line":118},"14":{"loc":{"start":{"line":133,"column":2},"end":{"line":135,"column":null}},"type":"if","locations":[{"start":{"line":133,"column":2},"end":{"line":135,"column":null}},{"start":{},"end":{}}],"line":133},"15":{"loc":{"start":{"line":133,"column":6},"end":{"line":133,"column":37}},"type":"binary-expr","locations":[{"start":{"line":133,"column":6},"end":{"line":133,"column":16}},{"start":{"line":133,"column":16},"end":{"line":133,"column":37}}],"line":133},"16":{"loc":{"start":{"line":149,"column":2},"end":{"line":151,"column":null}},"type":"if","locations":[{"start":{"line":149,"column":2},"end":{"line":151,"column":null}},{"start":{},"end":{}}],"line":149},"17":{"loc":{"start":{"line":165,"column":2},"end":{"line":167,"column":null}},"type":"if","locations":[{"start":{"line":165,"column":2},"end":{"line":167,"column":null}},{"start":{},"end":{}}],"line":165},"18":{"loc":{"start":{"line":181,"column":2},"end":{"line":183,"column":null}},"type":"if","locations":[{"start":{"line":181,"column":2},"end":{"line":183,"column":null}},{"start":{},"end":{}}],"line":181}},"s":{"0":0,"1":0,"2":0,"3":0,"4":0,"5":0,"6":0,"7":0,"8":0,"9":0,"10":0,"11":0,"12":0,"13":0,"14":0,"15":0,"16":0,"17":0,"18":0,"19":0,"20":0,"21":0,"22":0,"23":0,"24":0,"25":0,"26":0,"27":0,"28":0,"29":0,"30":0,"31":0,"32":0,"33":0,"34":0,"35":0,"36":0,"37":0,"38":0,"39":0,"40":0,"41":0,"42":0},"f":{"0":0,"1":0,"2":0,"3":0,"4":0,"5":0,"6":0,"7":0,"8":0,"9":0},"b":{"0":[0,0],"1":[0,0],"2":[0,0],"3":[0,0],"4":[0,0],"5":[0,0],"6":[0,0],"7":[0,0],"8":[0,0],"9":[0,0],"10":[0,0],"11":[0,0],"12":[0,0],"13":[0,0],"14":[0,0],"15":[0,0],"16":[0,0],"17":[0,0],"18":[0,0]},"meta":{"lastBranch":19,"lastFunction":10,"lastStatement":43,"seen":{"f:26:16:26:33":0,"b:27:2:29:Infinity:undefined:undefined:undefined:undefined":0,"s:27:2:29:Infinity":0,"s:28:4:28:Infinity":1,"b:31:2:33:Infinity:undefined:undefined:undefined:undefined":1,"s:31:2:33:Infinity":2,"b:31:6:31:29:31:29:31:51":2,"s:32:4:32:Infinity":3,"s:35:24:35:Infinity":4,"b:36:2:38:Infinity:undefined:undefined:undefined:undefined":3,"s:36:2:38:Infinity":5,"s:37:4:37:Infinity":6,"s:40:2:40:Infinity":7,"f:52:16:52:33":1,"b:53:2:55:Infinity:undefined:undefined:undefined:undefined":4,"s:53:2:55:Infinity":8,"s:54:4:54:Infinity":9,"b:57:2:59:Infinity:undefined:undefined:undefined:undefined":5,"s:57:2:59:Infinity":10,"s:58:4:58:Infinity":11,"s:61:2:61:Infinity":12,"f:70:16:70:30":2,"b:71:2:73:Infinity:undefined:undefined:undefined:undefined":6,"s:71:2:73:Infinity":13,"s:72:4:72:Infinity":14,"s:75:21:75:Infinity":15,"b:76:2:78:Infinity:undefined:undefined:undefined:undefined":7,"s:76:2:78:Infinity":16,"s:77:4:77:Infinity":17,"s:80:2:80:Infinity":18,"f:92:16:92:36":3,"b:93:2:95:Infinity:undefined:undefined:undefined:undefined":8,"s:93:2:95:Infinity":19,"s:94:4:94:Infinity":20,"b:97:2:99:Infinity:undefined:undefined:undefined:undefined":9,"s:97:2:99:Infinity":21,"b:97:6:97:32:97:32:97:58":10,"s:98:4:98:Infinity":22,"s:101:2:101:Infinity":23,"f:113:16:113:29":4,"b:114:2:116:Infinity:undefined:undefined:undefined:undefined":11,"s:114:2:116:Infinity":24,"s:115:4:115:Infinity":25,"b:118:2:120:Infinity:undefined:undefined:undefined:undefined":12,"s:118:2:120:Infinity":26,"b:118:6:118:26:118:26:118:43":13,"s:119:4:119:Infinity":27,"s:122:2:122:Infinity":28,"f:132:16:132:33":5,"b:133:2:135:Infinity:undefined:undefined:undefined:undefined":14,"s:133:2:135:Infinity":29,"b:133:6:133:16:133:16:133:37":15,"s:134:4:134:Infinity":30,"s:137:2:137:Infinity":31,"f:148:16:148:34":6,"b:149:2:151:Infinity:undefined:undefined:undefined:undefined":16,"s:149:2:151:Infinity":32,"s:150:4:150:Infinity":33,"s:153:2:153:Infinity":34,"f:164:16:164:34":7,"b:165:2:167:Infinity:undefined:undefined:undefined:undefined":17,"s:165:2:167:Infinity":35,"s:166:4:166:Infinity":36,"s:169:2:169:Infinity":37,"f:178:16:178:41":8,"s:179:24:179:Infinity":38,"f:179:32:179:37":9,"s:179:47:179:60":39,"b:181:2:183:Infinity:undefined:undefined:undefined:undefined":18,"s:181:2:183:Infinity":40,"s:182:4:182:Infinity":41,"s:185:2:185:Infinity":42}}}
}
