TN:
SF:src/sys/api/apps.ts
FN:19,listApps
FN:26,getApp
FN:30,scanApps
FN:34,enableApp
FN:38,disableApp
FNF:5
FNH:0
FNDA:0,listApps
FNDA:0,getApp
FNDA:0,scanApps
FNDA:0,enableApp
FNDA:0,disableApp
DA:20,0
DA:21,0
DA:23,0
DA:27,0
DA:31,0
DA:35,0
DA:39,0
LF:7
LH:0
BRDA:21,0,0,0
BRDA:21,0,1,0
BRF:2
BRH:0
end_of_record
TN:
SF:src/sys/api/auth.ts
FN:26,login
FN:34,logout
FN:38,getMe
FN:42,changePassword
FNF:4
FNH:0
FNDA:0,login
FNDA:0,logout
FNDA:0,getMe
FNDA:0,changePassword
DA:27,0
DA:31,0
DA:35,0
DA:39,0
DA:43,0
LF:5
LH:0
BRF:0
BRH:0
end_of_record
TN:
SF:src/sys/api/notifications.ts
FN:45,getNotifications
FN:67,markNotificationAsRead
FN:76,deleteNotification
FN:83,markAllNotificationsAsRead
FN:93,subscribeToNotifications
FN:100,(anonymous_5)
FN:109,(anonymous_6)
FN:122,unsubscribeFromNotifications
FNF:8
FNH:0
FNDA:0,getNotifications
FNDA:0,markNotificationAsRead
FNDA:0,deleteNotification
FNDA:0,markAllNotificationsAsRead
FNDA:0,subscribeToNotifications
FNDA:0,(anonymous_5)
FNDA:0,(anonymous_6)
FNDA:0,unsubscribeFromNotifications
DA:50,0
DA:55,0
DA:56,0
DA:59,0
DA:68,0
DA:77,0
DA:84,0
DA:96,0
DA:100,0
DA:101,0
DA:102,0
DA:103,0
DA:105,0
DA:109,0
DA:110,0
DA:114,0
DA:123,0
DA:124,0
LF:18
LH:0
BRDA:46,0,0,0
BRDA:47,1,0,0
BRDA:48,2,0,0
BRDA:55,3,0,0
BRDA:55,3,1,0
BRDA:123,4,0,0
BRDA:123,4,1,0
BRF:7
BRH:0
end_of_record
TN:
SF:src/sys/api/users.ts
FN:23,listUsers
FN:32,getUser
FN:36,createUser
FN:40,deleteUser
FNF:4
FNH:0
FNDA:0,listUsers
FNDA:0,getUser
FNDA:0,createUser
FNDA:0,deleteUser
DA:24,0
DA:25,0
DA:26,0
DA:27,0
DA:29,0
DA:33,0
DA:37,0
DA:41,0
LF:8
LH:0
BRDA:23,0,0,0
BRDA:23,1,0,0
BRDA:25,2,0,0
BRDA:25,2,1,0
BRF:4
BRH:0
end_of_record
TN:
SF:src/sys/components/header.ts
FN:7,(anonymous_0)
FN:10,(anonymous_1)
FN:18,(anonymous_2)
FNF:3
FNH:0
FNDA:0,(anonymous_0)
FNDA:0,(anonymous_1)
FNDA:0,(anonymous_2)
DA:7,0
DA:11,0
DA:12,0
DA:14,0
DA:19,0
DA:20,0
DA:21,0
DA:22,0
DA:24,0
LF:9
LH:0
BRF:0
BRH:0
end_of_record
TN:
SF:src/sys/components/navigation.ts
FN:9,(anonymous_0)
FN:14,(anonymous_1)
FN:27,(anonymous_2)
FNF:3
FNH:0
FNDA:0,(anonymous_0)
FNDA:0,(anonymous_1)
FNDA:0,(anonymous_2)
DA:9,0
DA:15,0
DA:16,0
DA:17,0
DA:18,0
DA:21,0
DA:23,0
DA:29,0
LF:8
LH:0
BRF:0
BRH:0
end_of_record
TN:
SF:src/sys/pages/apps.ts
FN:8,(anonymous_0)
FN:14,(anonymous_1)
FN:28,(anonymous_2)
FN:36,(anonymous_3)
FN:46,(anonymous_4)
FNF:5
FNH:0
FNDA:0,(anonymous_0)
FNDA:0,(anonymous_1)
FNDA:0,(anonymous_2)
FNDA:0,(anonymous_3)
FNDA:0,(anonymous_4)
DA:8,0
DA:15,0
DA:16,0
DA:17,0
DA:18,0
DA:20,0
DA:21,0
DA:24,0
DA:29,0
DA:30,0
DA:32,0
DA:37,0
DA:38,0
DA:39,0
DA:40,0
DA:42,0
DA:47,0
DA:48,0
DA:49,0
DA:51,0
DA:53,0
DA:55,0
LF:22
LH:0
BRDA:20,0,0,0
BRDA:20,0,1,0
BRDA:48,1,0,0
BRDA:48,1,1,0
BRF:4
BRH:0
end_of_record
TN:
SF:src/sys/pages/login.ts
FN:6,(anonymous_0)
FN:12,(anonymous_1)
FNF:2
FNH:0
FNDA:0,(anonymous_0)
FNDA:0,(anonymous_1)
DA:6,0
DA:13,0
DA:14,0
DA:15,0
DA:16,0
DA:17,0
DA:19,0
LF:7
LH:0
BRDA:19,0,0,0
BRDA:19,0,1,0
BRF:2
BRH:0
end_of_record
TN:
SF:src/sys/pages/portal.ts
FN:9,(anonymous_0)
FN:15,(anonymous_1)
FNF:2
FNH:0
FNDA:0,(anonymous_0)
FNDA:0,(anonymous_1)
DA:9,0
DA:16,0
DA:17,0
DA:18,0
DA:19,0
DA:21,0
LF:6
LH:0
BRF:0
BRH:0
end_of_record
TN:
SF:src/sys/pages/users.ts
FN:8,(anonymous_0)
FN:14,(anonymous_1)
FN:28,(anonymous_2)
FN:37,(anonymous_3)
FN:55,(anonymous_4)
FN:71,(anonymous_5)
FNF:6
FNH:0
FNDA:0,(anonymous_0)
FNDA:0,(anonymous_1)
FNDA:0,(anonymous_2)
FNDA:0,(anonymous_3)
FNDA:0,(anonymous_4)
FNDA:0,(anonymous_5)
DA:8,0
DA:15,0
DA:16,0
DA:17,0
DA:18,0
DA:20,0
DA:21,0
DA:24,0
DA:29,0
DA:30,0
DA:31,0
DA:33,0
DA:38,0
DA:39,0
DA:41,0
DA:42,0
DA:44,0
DA:45,0
DA:47,0
DA:48,0
DA:50,0
DA:52,0
DA:56,0
DA:57,0
DA:64,0
DA:65,0
DA:67,0
DA:72,0
DA:74,0
DA:75,0
DA:76,0
DA:77,0
DA:79,0
LF:33
LH:0
BRDA:20,0,0,0
BRDA:20,0,1,0
BRDA:39,1,0,0
BRDA:39,1,1,0
BRDA:42,2,0,0
BRDA:42,2,1,0
BRDA:45,3,0,0
BRDA:45,3,1,0
BRDA:48,4,0,0
BRDA:48,4,1,0
BRDA:50,5,0,0
BRDA:50,5,1,0
BRDA:72,6,0,0
BRDA:72,6,1,0
BRF:14
BRH:0
end_of_record
TN:
SF:src/sys/utils/fetch.ts
FN:36,apiFetch
FN:104,handleAPIError
FN:135,get
FN:150,post
FN:170,put
FN:189,del
FNF:6
FNH:0
FNDA:0,apiFetch
FNDA:0,handleAPIError
FNDA:0,get
FNDA:0,post
FNDA:0,put
FNDA:0,del
DA:40,0
DA:43,0
DA:52,0
DA:54,0
DA:55,0
DA:58,0
DA:59,0
DA:63,0
DA:66,0
DA:67,0
DA:68,0
DA:72,0
DA:73,0
DA:76,0
DA:78,0
DA:79,0
DA:83,0
DA:84,0
DA:85,0
DA:94,0
DA:105,0
DA:108,0
DA:109,0
DA:111,0
DA:112,0
DA:114,0
DA:118,0
DA:119,0
DA:120,0
DA:121,0
DA:125,0
DA:139,0
DA:155,0
DA:175,0
DA:193,0
LF:35
LH:0
BRDA:38,0,0,0
BRDA:40,1,0,0
BRDA:58,2,0,0
BRDA:58,2,1,0
BRDA:66,3,0,0
BRDA:66,3,1,0
BRDA:67,4,0,0
BRDA:67,4,1,0
BRDA:78,5,0,0
BRDA:78,5,1,0
BRDA:83,6,0,0
BRDA:83,6,1,0
BRDA:108,7,0,0
BRDA:108,7,1,0
BRDA:111,8,0,0
BRDA:111,8,1,0
BRDA:111,9,0,0
BRDA:111,9,1,0
BRDA:118,10,0,0
BRDA:118,10,1,0
BRDA:137,11,0,0
BRDA:153,12,0,0
BRDA:173,13,0,0
BRDA:191,14,0,0
BRF:24
BRH:0
end_of_record
TN:
SF:src/sys/utils/http.ts
FN:12,(anonymous_0)
FN:23,(anonymous_1)
FN:34,(anonymous_2)
FN:38,(anonymous_3)
FN:45,(anonymous_4)
FN:52,(anonymous_5)
FN:56,(anonymous_6)
FNF:7
FNH:7
FNDA:13,(anonymous_0)
FNDA:1,(anonymous_1)
FNDA:1,(anonymous_2)
FNDA:1,(anonymous_3)
FNDA:1,(anonymous_4)
FNDA:1,(anonymous_5)
FNDA:2,(anonymous_6)
DA:13,13
DA:22,13
DA:23,4
DA:28,4
DA:31,9
DA:35,1
DA:39,1
DA:46,1
DA:53,1
DA:57,2
DA:64,1
LF:11
LH:11
BRDA:12,0,0,13
BRDA:22,1,0,4
BRDA:22,1,1,9
BRDA:28,2,0,4
BRDA:28,2,1,3
BRDA:28,2,2,1
BRDA:59,3,0,1
BRDA:59,3,1,1
BRF:8
BRH:8
end_of_record
TN:
SF:src/sys/utils/storage.ts
FN:16,setItem
FN:31,getItem
FN:49,removeItem
FN:60,clear
FN:74,hasItem
FN:88,getAllKeys
FN:109,removeByPrefix
FN:111,(anonymous_7)
FN:112,(anonymous_8)
FN:138,saveTheme
FN:147,getTheme
FN:156,saveLanguage
FN:165,getLanguage
FNF:13
FNH:0
FNDA:0,setItem
FNDA:0,getItem
FNDA:0,removeItem
FNDA:0,clear
FNDA:0,hasItem
FNDA:0,getAllKeys
FNDA:0,removeByPrefix
FNDA:0,(anonymous_7)
FNDA:0,(anonymous_8)
FNDA:0,saveTheme
FNDA:0,getTheme
FNDA:0,saveLanguage
FNDA:0,getLanguage
DA:17,0
DA:18,0
DA:19,0
DA:21,0
DA:32,0
DA:33,0
DA:34,0
DA:35,0
DA:37,0
DA:39,0
DA:40,0
DA:50,0
DA:51,0
DA:53,0
DA:61,0
DA:62,0
DA:64,0
DA:75,0
DA:76,0
DA:78,0
DA:79,0
DA:89,0
DA:90,0
DA:91,0
DA:92,0
DA:93,0
DA:94,0
DA:97,0
DA:99,0
DA:100,0
DA:110,0
DA:111,0
DA:112,0
DA:114,0
DA:121,0
DA:126,0
DA:131,0
DA:139,0
DA:148,0
DA:157,0
DA:166,0
LF:41
LH:0
BRDA:34,0,0,0
BRDA:34,0,1,0
BRDA:93,1,0,0
BRDA:93,1,1,0
BRDA:148,2,0,0
BRDA:148,2,1,0
BRDA:166,3,0,0
BRDA:166,3,1,0
BRF:8
BRH:0
end_of_record
TN:
SF:src/sys/utils/validation.ts
FN:26,validateUsername
FN:52,validatePassword
FN:70,validateEmail
FN:92,validateDisplayName
FN:113,validateRole
FN:132,validateRequired
FN:148,validateMinLength
FN:164,validateMaxLength
FN:178,combineValidationResults
FN:179,(anonymous_9)
FNF:10
FNH:0
FNDA:0,validateUsername
FNDA:0,validatePassword
FNDA:0,validateEmail
FNDA:0,validateDisplayName
FNDA:0,validateRole
FNDA:0,validateRequired
FNDA:0,validateMinLength
FNDA:0,validateMaxLength
FNDA:0,combineValidationResults
FNDA:0,(anonymous_9)
DA:27,0
DA:28,0
DA:31,0
DA:32,0
DA:35,0
DA:36,0
DA:37,0
DA:40,0
DA:53,0
DA:54,0
DA:57,0
DA:58,0
DA:61,0
DA:71,0
DA:72,0
DA:75,0
DA:76,0
DA:77,0
DA:80,0
DA:93,0
DA:94,0
DA:97,0
DA:98,0
DA:101,0
DA:114,0
DA:115,0
DA:118,0
DA:119,0
DA:122,0
DA:133,0
DA:134,0
DA:137,0
DA:149,0
DA:150,0
DA:153,0
DA:165,0
DA:166,0
DA:169,0
DA:179,0
DA:181,0
DA:182,0
DA:185,0
LF:42
LH:0
BRDA:27,0,0,0
BRDA:27,0,1,0
BRDA:31,1,0,0
BRDA:31,1,1,0
BRDA:31,2,0,0
BRDA:31,2,1,0
BRDA:36,3,0,0
BRDA:36,3,1,0
BRDA:53,4,0,0
BRDA:53,4,1,0
BRDA:57,5,0,0
BRDA:57,5,1,0
BRDA:71,6,0,0
BRDA:71,6,1,0
BRDA:76,7,0,0
BRDA:76,7,1,0
BRDA:93,8,0,0
BRDA:93,8,1,0
BRDA:97,9,0,0
BRDA:97,9,1,0
BRDA:97,10,0,0
BRDA:97,10,1,0
BRDA:114,11,0,0
BRDA:114,11,1,0
BRDA:118,12,0,0
BRDA:118,12,1,0
BRDA:118,13,0,0
BRDA:118,13,1,0
BRDA:133,14,0,0
BRDA:133,14,1,0
BRDA:133,15,0,0
BRDA:133,15,1,0
BRDA:149,16,0,0
BRDA:149,16,1,0
BRDA:165,17,0,0
BRDA:165,17,1,0
BRDA:181,18,0,0
BRDA:181,18,1,0
BRF:38
BRH:0
end_of_record
